[0720/010158.861:ERROR:scoped_process_suspend.cc(40)] NtResumeProcess: An attempt was made to access an exiting process. (0xc000010a)
[0720/010200.670:ERROR:scoped_process_suspend.cc(31)] NtSuspendProcess: An attempt was made to access an exiting process. (0xc000010a)
[0720/010200.670:ERROR:process_info.cc(118)] ReadProcessMemory bool __cdecl crashpad::(anonymous namespace)::ReadStruct(HANDLE, crashpad::WinVMAddress, T *) [T = crashpad::process_types::PEB<crashpad::process_types::internal::Traits64>]: Only part of a ReadProcessMemory or WriteProcessMemory request was completed. (0x12B)
[0720/010200.962:ERROR:process_info.cc(545)] ReadProcessData failed
[0720/011251.245:ERROR:process_info.cc(329)] VirtualQueryEx: Access is denied. (0x5)
[0720/011258.973:ERROR:process_info.cc(550)] ReadMemoryInfo failed
[0720/011258.974:ERROR:scoped_process_suspend.cc(40)] NtResumeProcess: An attempt was made to access an exiting process. (0xc000010a)
[0720/011538.007:ERROR:process_memory_win.cc(73)] ReadMemory at 0x7ff6e9b86000 of 16 bytes failed: Only part of a ReadProcessMemory or WriteProcessMemory request was completed. (0x12B)
[0720/011538.008:WARNING:pe_image_resource_reader.cc(241)] could not read resource directory from C:\Program Files (x86)\Google\Chrome\Application\chrome.exe resources
[0720/011538.008:ERROR:process_memory_win.cc(73)] ReadMemory at 0x7fff15c80000 of 64 bytes failed: Only part of a ReadProcessMemory or WriteProcessMemory request was completed. (0x12B)
[0720/011538.008:WARNING:pe_image_reader.cc(340)] could not read dos header from C:\Program Files (x86)\Google\Chrome\Application\75.0.3770.142\chrome_elf.dll
[0720/011538.008:ERROR:process_memory_win.cc(73)] ReadMemory at 0x7fff191d0000 of 64 bytes failed: Only part of a ReadProcessMemory or WriteProcessMemory request was completed. (0x12B)
[0720/011538.008:WARNING:pe_image_reader.cc(340)] could not read dos header from C:\Windows\SYSTEM32\VERSION.dll
[0720/011538.008:ERROR:process_memory_win.cc(73)] ReadMemory at 0x7fff148a0000 of 64 bytes failed: Only part of a ReadProcessMemory or WriteProcessMemory request was completed. (0x12B)
[0720/011538.009:WARNING:pe_image_reader.cc(340)] could not read dos header from C:\Windows\SYSTEM32\WINMM.dll
[0720/011538.009:ERROR:process_memory_win.cc(73)] ReadMemory at 0x7fff14870000 of 64 bytes failed: Only part of a ReadProcessMemory or WriteProcessMemory request was completed. (0x12B)
[0720/011538.009:WARNING:pe_image_reader.cc(340)] could not read dos header from C:\Windows\SYSTEM32\WINMMBASE.dll
[0720/011538.088:ERROR:process_memory_win.cc(73)] ReadMemory at 0x7fff2020e5b0 of 16 bytes failed: Only part of a ReadProcessMemory or WriteProcessMemory request was completed. (0x12B)
[0720/011538.088:WARNING:pe_image_resource_reader.cc(241)] could not read resource directory from C:\Windows\system32\MSCTF.dll resources
[0720/011538.088:ERROR:process_memory_win.cc(73)] ReadMemory at 0x7fff1de20000 of 64 bytes failed: Only part of a ReadProcessMemory or WriteProcessMemory request was completed. (0x12B)
[0720/011538.088:WARNING:pe_image_reader.cc(340)] could not read dos header from C:\Windows\SYSTEM32\shcore.dll
[0720/011538.088:ERROR:process_memory_win.cc(73)] ReadMemory at 0x7ffedc140000 of 64 bytes failed: Only part of a ReadProcessMemory or WriteProcessMemory request was completed. (0x12B)
[0720/011538.088:WARNING:pe_image_reader.cc(340)] could not read dos header from C:\Program Files (x86)\Google\Chrome\Application\75.0.3770.142\chrome_child.dll
[0720/011538.088:ERROR:process_memory_win.cc(73)] ReadMemory at 0x7fff200a0000 of 64 bytes failed: Only part of a ReadProcessMemory or WriteProcessMemory request was completed. (0x12B)
[0720/011538.088:WARNING:pe_image_reader.cc(340)] could not read dos header from C:\Windows\system32\WS2_32.dll
[0720/011538.089:ERROR:process_memory_win.cc(73)] ReadMemory at 0x7fff1b010000 of 64 bytes failed: Only part of a ReadProcessMemory or WriteProcessMemory request was completed. (0x12B)
[0720/011538.089:WARNING:pe_image_reader.cc(340)] could not read dos header from C:\Windows\SYSTEM32\IPHLPAPI.DLL
[0720/011538.209:ERROR:process_memory_win.cc(73)] ReadMemory at 0x7fff1fe40000 of 64 bytes failed: Only part of a ReadProcessMemory or WriteProcessMemory request was completed. (0x12B)
[0720/011538.209:WARNING:pe_image_reader.cc(340)] could not read dos header from C:\Windows\system32\OLEAUT32.dll
[0720/011538.209:ERROR:process_memory_win.cc(73)] ReadMemory at 0x7fff1b650000 of 64 bytes failed: Only part of a ReadProcessMemory or WriteProcessMemory request was completed. (0x12B)
[0720/011538.209:WARNING:pe_image_reader.cc(340)] could not read dos header from C:\Windows\SYSTEM32\OLEACC.dll
[0720/011538.209:ERROR:process_memory_win.cc(73)] ReadMemory at 0x7ffeff980000 of 64 bytes failed: Only part of a ReadProcessMemory or WriteProcessMemory request was completed. (0x12B)
[0720/011538.209:WARNING:pe_image_reader.cc(340)] could not read dos header from C:\Windows\SYSTEM32\UIAutomationCore.DLL
[0720/011538.209:ERROR:process_memory_win.cc(73)] ReadMemory at 0x7fff1bdd0000 of 64 bytes failed: Only part of a ReadProcessMemory or WriteProcessMemory request was completed. (0x12B)
[0720/011538.209:WARNING:pe_image_reader.cc(340)] could not read dos header from C:\Windows\SYSTEM32\WTSAPI32.dll
[0720/011538.210:ERROR:process_memory_win.cc(73)] ReadMemory at 0x7fff1f7b0000 of 64 bytes failed: Only part of a ReadProcessMemory or WriteProcessMemory request was completed. (0x12B)
[0720/011538.210:WARNING:pe_image_reader.cc(340)] could not read dos header from C:\Windows\system32\WINTRUST.dll
[0720/011538.210:ERROR:process_memory_win.cc(73)] ReadMemory at 0x7fff1f980000 of 64 bytes failed: Only part of a ReadProcessMemory or WriteProcessMemory request was completed. (0x12B)
[0720/011538.210:WARNING:pe_image_reader.cc(340)] could not read dos header from C:\Windows\system32\CRYPT32.dll
[0720/011538.210:ERROR:process_memory_win.cc(73)] ReadMemory at 0x7fff1bdf0000 of 64 bytes failed: Only part of a ReadProcessMemory or WriteProcessMemory request was completed. (0x12B)
[0720/011538.210:WARNING:pe_image_reader.cc(340)] could not read dos header from C:\Windows\SYSTEM32\DWrite.dll
[0720/011538.210:ERROR:process_memory_win.cc(73)] ReadMemory at 0x7fff1d4f0000 of 64 bytes failed: Only part of a ReadProcessMemory or WriteProcessMemory request was completed. (0x12B)
[0720/011538.210:WARNING:pe_image_reader.cc(340)] could not read dos header from C:\Windows\SYSTEM32\dxgi.dll
[0720/011538.210:ERROR:process_memory_win.cc(73)] ReadMemory at 0x7fff05210000 of 64 bytes failed: Only part of a ReadProcessMemory or WriteProcessMemory request was completed. (0x12B)
[0720/011538.210:WARNING:pe_image_reader.cc(340)] could not read dos header from C:\Windows\SYSTEM32\WINSPOOL.DRV
[0720/011538.210:ERROR:process_memory_win.cc(73)] ReadMemory at 0x7fff18680000 of 64 bytes failed: Only part of a ReadProcessMemory or WriteProcessMemory request was completed. (0x12B)
[0720/011538.210:WARNING:pe_image_reader.cc(340)] could not read dos header from C:\Windows\SYSTEM32\dbghelp.dll
[0720/011538.210:ERROR:process_memory_win.cc(73)] ReadMemory at 0x7fff1fd80000 of 64 bytes failed: Only part of a ReadProcessMemory or WriteProcessMemory request was completed. (0x12B)
[0720/011538.210:WARNING:pe_image_reader.cc(340)] could not read dos header from C:\Windows\system32\COMDLG32.dll
[0720/011538.211:ERROR:process_memory_win.cc(73)] ReadMemory at 0x7fff19510000 of 64 bytes failed: Only part of a ReadProcessMemory or WriteProcessMemory request was completed. (0x12B)
[0720/011538.211:WARNING:pe_image_reader.cc(340)] could not read dos header from C:\Windows\SYSTEM32\USP10.dll
[0720/011538.211:ERROR:process_memory_win.cc(73)] ReadMemory at 0x7fff18c30000 of 64 bytes failed: Only part of a ReadProcessMemory or WriteProcessMemory request was completed. (0x12B)
[0720/011538.211:WARNING:pe_image_reader.cc(340)] could not read dos header from C:\Windows\SYSTEM32\WINHTTP.dll
[0720/011538.211:ERROR:process_memory_win.cc(73)] ReadMemory at 0x7fff15240000 of 64 bytes failed: Only part of a ReadProcessMemory or WriteProcessMemory request was completed. (0x12B)
[0720/011538.211:WARNING:pe_image_reader.cc(340)] could not read dos header from C:\Windows\SYSTEM32\urlmon.dll
[0720/011538.431:ERROR:process_memory_win.cc(73)] ReadMemory at 0x7fff15550000 of 64 bytes failed: Only part of a ReadProcessMemory or WriteProcessMemory request was completed. (0x12B)
[0720/011538.431:WARNING:pe_image_reader.cc(340)] could not read dos header from C:\Windows\SYSTEM32\Secur32.dll
[0720/011538.431:ERROR:process_memory_win.cc(73)] ReadMemory at 0x7fff1a9b0000 of 64 bytes failed: Only part of a ReadProcessMemory or WriteProcessMemory request was completed. (0x12B)
[0720/011538.431:WARNING:pe_image_reader.cc(340)] could not read dos header from C:\Windows\SYSTEM32\dhcpcsvc.DLL
[0720/011538.431:ERROR:process_memory_win.cc(73)] ReadMemory at 0x43c7b50000 of 64 bytes failed: Only part of a ReadProcessMemory or WriteProcessMemory request was completed. (0x12B)
[0720/011538.431:WARNING:pe_image_reader.cc(340)] could not read dos header from C:\Windows\system32\NSI.dll
[0720/011538.432:ERROR:process_memory_win.cc(73)] ReadMemory at 0x7fff1aff0000 of 64 bytes failed: Only part of a ReadProcessMemory or WriteProcessMemory request was completed. (0x12B)
[0720/011538.432:WARNING:pe_image_reader.cc(340)] could not read dos header from C:\Windows\SYSTEM32\WINNSI.DLL
[0720/011538.432:ERROR:process_memory_win.cc(73)] ReadMemory at 0x7fff1f6b0000 of 64 bytes failed: Only part of a ReadProcessMemory or WriteProcessMemory request was completed. (0x12B)
[0720/011538.432:WARNING:pe_image_reader.cc(340)] could not read dos header from C:\Windows\system32\MSASN1.dll
[0720/011538.432:ERROR:process_memory_win.cc(73)] ReadMemory at 0x7fff1cdd0000 of 64 bytes failed: Only part of a ReadProcessMemory or WriteProcessMemory request was completed. (0x12B)
[0720/011538.432:WARNING:pe_image_reader.cc(340)] could not read dos header from C:\Windows\WinSxS\amd64_microsoft.windows.common-controls_6595b64144ccf1df_6.0.9600.19394_none_62486577ecb635cf\COMCTL32.dll
[0720/011538.432:ERROR:process_memory_win.cc(73)] ReadMemory at 0x7fff18850000 of 64 bytes failed: Only part of a ReadProcessMemory or WriteProcessMemory request was completed. (0x12B)
[0720/011538.432:WARNING:pe_image_reader.cc(340)] could not read dos header from C:\Windows\SYSTEM32\iertutil.dll
[0720/011538.432:ERROR:process_memory_win.cc(73)] ReadMemory at 0x7fff18d20000 of 64 bytes failed: Only part of a ReadProcessMemory or WriteProcessMemory request was completed. (0x12B)
[0720/011538.432:WARNING:pe_image_reader.cc(340)] could not read dos header from C:\Windows\SYSTEM32\WININET.dll
[0720/011538.433:ERROR:process_memory_win.cc(73)] ReadMemory at 0x7ff6e9a40000 of 64 bytes failed: Only part of a ReadProcessMemory or WriteProcessMemory request was completed. (0x12B)
[0720/011538.433:WARNING:pe_image_reader.cc(340)] could not read dos header from C:\Program Files (x86)\Google\Chrome\Application\chrome.exe
[0720/011538.529:ERROR:process_memory_win.cc(73)] ReadMemory at 0x7ff6e9a40000 of 64 bytes failed: Only part of a ReadProcessMemory or WriteProcessMemory request was completed. (0x12B)
[0720/011538.529:WARNING:pe_image_reader.cc(340)] could not read dos header from C:\Program Files (x86)\Google\Chrome\Application\chrome.exe
[0720/011538.602:ERROR:process_memory_win.cc(73)] ReadMemory at 0x7fff224d0000 of 64 bytes failed: Only part of a ReadProcessMemory or WriteProcessMemory request was completed. (0x12B)
[0720/011538.603:WARNING:pe_image_reader.cc(340)] could not read dos header from C:\Windows\SYSTEM32\ntdll.dll
[0720/011538.603:ERROR:process_memory_win.cc(73)] ReadMemory at 0x7fff224d0000 of 64 bytes failed: Only part of a ReadProcessMemory or WriteProcessMemory request was completed. (0x12B)
[0720/011538.603:WARNING:pe_image_reader.cc(340)] could not read dos header from C:\Windows\SYSTEM32\ntdll.dll
[0720/011538.603:ERROR:process_memory_win.cc(73)] ReadMemory at 0x7fff1fb90000 of 64 bytes failed: Only part of a ReadProcessMemory or WriteProcessMemory request was completed. (0x12B)
[0720/011538.603:WARNING:pe_image_reader.cc(340)] could not read dos header from C:\Windows\system32\KERNEL32.dll
[0720/011538.603:ERROR:process_memory_win.cc(73)] ReadMemory at 0x7fff1fb90000 of 64 bytes failed: Only part of a ReadProcessMemory or WriteProcessMemory request was completed. (0x12B)
[0720/011538.603:WARNING:pe_image_reader.cc(340)] could not read dos header from C:\Windows\system32\KERNEL32.dll
[0720/011538.603:ERROR:process_memory_win.cc(73)] ReadMemory at 0x7fff1f860000 of 64 bytes failed: Only part of a ReadProcessMemory or WriteProcessMemory request was completed. (0x12B)
[0720/011538.603:WARNING:pe_image_reader.cc(340)] could not read dos header from C:\Windows\system32\KERNELBASE.dll
[0720/011538.603:ERROR:process_memory_win.cc(73)] ReadMemory at 0x7fff1f860000 of 64 bytes failed: Only part of a ReadProcessMemory or WriteProcessMemory request was completed. (0x12B)
[0720/011538.603:WARNING:pe_image_reader.cc(340)] could not read dos header from C:\Windows\system32\KERNELBASE.dll
[0720/011538.603:ERROR:process_memory_win.cc(73)] ReadMemory at 0x7fff15c80000 of 64 bytes failed: Only part of a ReadProcessMemory or WriteProcessMemory request was completed. (0x12B)
[0720/011538.604:WARNING:pe_image_reader.cc(340)] could not read dos header from C:\Program Files (x86)\Google\Chrome\Application\75.0.3770.142\chrome_elf.dll
[0720/011538.604:ERROR:process_memory_win.cc(73)] ReadMemory at 0x7fff15c80000 of 64 bytes failed: Only part of a ReadProcessMemory or WriteProcessMemory request was completed. (0x12B)
[0720/011538.604:WARNING:pe_image_reader.cc(340)] could not read dos header from C:\Program Files (x86)\Google\Chrome\Application\75.0.3770.142\chrome_elf.dll
[0720/011538.604:ERROR:process_memory_win.cc(73)] ReadMemory at 0x7fff20ee0000 of 64 bytes failed: Only part of a ReadProcessMemory or WriteProcessMemory request was completed. (0x12B)
[0720/011538.604:WARNING:pe_image_reader.cc(340)] could not read dos header from C:\Windows\system32\SHELL32.dll
[0720/011538.604:ERROR:process_memory_win.cc(73)] ReadMemory at 0x7fff20ee0000 of 64 bytes failed: Only part of a ReadProcessMemory or WriteProcessMemory request was completed. (0x12B)
[0720/011538.604:WARNING:pe_image_reader.cc(340)] could not read dos header from C:\Windows\system32\SHELL32.dll
[0720/011538.604:ERROR:process_memory_win.cc(73)] ReadMemory at 0x43c77d0000 of 64 bytes failed: Only part of a ReadProcessMemory or WriteProcessMemory request was completed. (0x12B)
[0720/011538.604:WARNING:pe_image_reader.cc(340)] could not read dos header from C:\Windows\system32\ADVAPI32.dll
[0720/011538.605:ERROR:process_memory_win.cc(73)] ReadMemory at 0x43c77d0000 of 64 bytes failed: Only part of a ReadProcessMemory or WriteProcessMemory request was completed. (0x12B)
[0720/011538.605:WARNING:pe_image_reader.cc(340)] could not read dos header from C:\Windows\system32\ADVAPI32.dll
[0720/011538.605:ERROR:process_memory_win.cc(73)] ReadMemory at 0x7fff1ff10000 of 64 bytes failed: Only part of a ReadProcessMemory or WriteProcessMemory request was completed. (0x12B)
[0720/011538.605:WARNING:pe_image_reader.cc(340)] could not read dos header from C:\Windows\system32\USER32.dll
[0720/011538.605:ERROR:process_memory_win.cc(73)] ReadMemory at 0x7fff1ff10000 of 64 bytes failed: Only part of a ReadProcessMemory or WriteProcessMemory request was completed. (0x12B)
[0720/011538.605:WARNING:pe_image_reader.cc(340)] could not read dos header from C:\Windows\system32\USER32.dll
[0720/011538.605:ERROR:process_memory_win.cc(73)] ReadMemory at 0x7fff191d0000 of 64 bytes failed: Only part of a ReadProcessMemory or WriteProcessMemory request was completed. (0x12B)
[0720/011538.605:WARNING:pe_image_reader.cc(340)] could not read dos header from C:\Windows\SYSTEM32\VERSION.dll
[0720/011538.605:ERROR:process_memory_win.cc(73)] ReadMemory at 0x7fff191d0000 of 64 bytes failed: Only part of a ReadProcessMemory or WriteProcessMemory request was completed. (0x12B)
[0720/011538.605:WARNING:pe_image_reader.cc(340)] could not read dos header from C:\Windows\SYSTEM32\VERSION.dll
[0720/011538.605:ERROR:process_memory_win.cc(73)] ReadMemory at 0x7fff20c70000 of 64 bytes failed: Only part of a ReadProcessMemory or WriteProcessMemory request was completed. (0x12B)
[0720/011538.606:WARNING:pe_image_reader.cc(340)] could not read dos header from C:\Windows\system32\SHLWAPI.dll
[0720/011538.606:ERROR:process_memory_win.cc(73)] ReadMemory at 0x7fff20c70000 of 64 bytes failed: Only part of a ReadProcessMemory or WriteProcessMemory request was completed. (0x12B)
[0720/011538.606:WARNING:pe_image_reader.cc(340)] could not read dos header from C:\Windows\system32\SHLWAPI.dll
[0720/011538.606:ERROR:process_memory_win.cc(73)] ReadMemory at 0x7fff148a0000 of 64 bytes failed: Only part of a ReadProcessMemory or WriteProcessMemory request was completed. (0x12B)
[0720/011538.606:WARNING:pe_image_reader.cc(340)] could not read dos header from C:\Windows\SYSTEM32\WINMM.dll
[0720/011538.606:ERROR:process_memory_win.cc(73)] ReadMemory at 0x7fff148a0000 of 64 bytes failed: Only part of a ReadProcessMemory or WriteProcessMemory request was completed. (0x12B)
[0720/011538.606:WARNING:pe_image_reader.cc(340)] could not read dos header from C:\Windows\SYSTEM32\WINMM.dll
[0720/011538.606:ERROR:process_memory_win.cc(73)] ReadMemory at 0x7fff1ebc0000 of 64 bytes failed: Only part of a ReadProcessMemory or WriteProcessMemory request was completed. (0x12B)
[0720/011538.606:WARNING:pe_image_reader.cc(340)] could not read dos header from C:\Windows\SYSTEM32\USERENV.dll
[0720/011538.606:ERROR:process_memory_win.cc(73)] ReadMemory at 0x7fff1ebc0000 of 64 bytes failed: Only part of a ReadProcessMemory or WriteProcessMemory request was completed. (0x12B)
[0720/011538.606:WARNING:pe_image_reader.cc(340)] could not read dos header from C:\Windows\SYSTEM32\USERENV.dll
[0720/011538.606:ERROR:process_memory_win.cc(73)] ReadMemory at 0x7fff209c0000 of 64 bytes failed: Only part of a ReadProcessMemory or WriteProcessMemory request was completed. (0x12B)
[0720/011538.606:WARNING:pe_image_reader.cc(340)] could not read dos header from C:\Windows\system32\msvcrt.dll
[0720/011538.606:ERROR:process_memory_win.cc(73)] ReadMemory at 0x7fff209c0000 of 64 bytes failed: Only part of a ReadProcessMemory or WriteProcessMemory request was completed. (0x12B)
[0720/011538.606:WARNING:pe_image_reader.cc(340)] could not read dos header from C:\Windows\system32\msvcrt.dll
[0720/011538.607:ERROR:process_memory_win.cc(73)] ReadMemory at 0x7fff20cd0000 of 64 bytes failed: Only part of a ReadProcessMemory or WriteProcessMemory request was completed. (0x12B)
[0720/011538.607:WARNING:pe_image_reader.cc(340)] could not read dos header from C:\Windows\SYSTEM32\combase.dll
[0720/011538.607:ERROR:process_memory_win.cc(73)] ReadMemory at 0x7fff20cd0000 of 64 bytes failed: Only part of a ReadProcessMemory or WriteProcessMemory request was completed. (0x12B)
[0720/011538.607:WARNING:pe_image_reader.cc(340)] could not read dos header from C:\Windows\SYSTEM32\combase.dll
[0720/011538.607:ERROR:process_memory_win.cc(73)] ReadMemory at 0x7fff20b20000 of 64 bytes failed: Only part of a ReadProcessMemory or WriteProcessMemory request was completed. (0x12B)
[0720/011538.607:WARNING:pe_image_reader.cc(340)] could not read dos header from C:\Windows\system32\GDI32.dll
[0720/011538.607:ERROR:process_memory_win.cc(73)] ReadMemory at 0x7fff20b20000 of 64 bytes failed: Only part of a ReadProcessMemory or WriteProcessMemory request was completed. (0x12B)
[0720/011538.607:WARNING:pe_image_reader.cc(340)] could not read dos header from C:\Windows\system32\GDI32.dll
[0720/011538.607:ERROR:process_memory_win.cc(73)] ReadMemory at 0x7fff20760000 of 64 bytes failed: Only part of a ReadProcessMemory or WriteProcessMemory request was completed. (0x12B)
[0720/011538.607:WARNING:pe_image_reader.cc(340)] could not read dos header from C:\Windows\SYSTEM32\sechost.dll
[0720/011538.607:ERROR:process_memory_win.cc(73)] ReadMemory at 0x7fff20760000 of 64 bytes failed: Only part of a ReadProcessMemory or WriteProcessMemory request was completed. (0x12B)
[0720/011538.607:WARNING:pe_image_reader.cc(340)] could not read dos header from C:\Windows\SYSTEM32\sechost.dll
[0720/011538.607:ERROR:process_memory_win.cc(73)] ReadMemory at 0x7fff205c0000 of 64 bytes failed: Only part of a ReadProcessMemory or WriteProcessMemory request was completed. (0x12B)
[0720/011538.607:WARNING:pe_image_reader.cc(340)] could not read dos header from C:\Windows\system32\RPCRT4.dll
[0720/011538.607:ERROR:process_memory_win.cc(73)] ReadMemory at 0x7fff205c0000 of 64 bytes failed: Only part of a ReadProcessMemory or WriteProcessMemory request was completed. (0x12B)
[0720/011538.608:WARNING:pe_image_reader.cc(340)] could not read dos header from C:\Windows\system32\RPCRT4.dll
[0720/011538.608:ERROR:process_memory_win.cc(73)] ReadMemory at 0x7fff14870000 of 64 bytes failed: Only part of a ReadProcessMemory or WriteProcessMemory request was completed. (0x12B)
[0720/011538.608:WARNING:pe_image_reader.cc(340)] could not read dos header from C:\Windows\SYSTEM32\WINMMBASE.dll
[0720/011538.608:ERROR:process_memory_win.cc(73)] ReadMemory at 0x7fff14870000 of 64 bytes failed: Only part of a ReadProcessMemory or WriteProcessMemory request was completed. (0x12B)
[0720/011538.608:WARNING:pe_image_reader.cc(340)] could not read dos header from C:\Windows\SYSTEM32\WINMMBASE.dll
[0720/011538.608:ERROR:process_memory_win.cc(73)] ReadMemory at 0x7fff1f600000 of 64 bytes failed: Only part of a ReadProcessMemory or WriteProcessMemory request was completed. (0x12B)
[0720/011538.608:WARNING:pe_image_reader.cc(340)] could not read dos header from C:\Windows\SYSTEM32\profapi.dll
[0720/011538.608:ERROR:process_memory_win.cc(73)] ReadMemory at 0x7fff1f600000 of 64 bytes failed: Only part of a ReadProcessMemory or WriteProcessMemory request was completed. (0x12B)
[0720/011538.608:WARNING:pe_image_reader.cc(340)] could not read dos header from C:\Windows\SYSTEM32\profapi.dll
[0720/011538.608:ERROR:process_memory_win.cc(73)] ReadMemory at 0x7fff1f780000 of 64 bytes failed: Only part of a ReadProcessMemory or WriteProcessMemory request was completed. (0x12B)
[0720/011538.608:WARNING:pe_image_reader.cc(340)] could not read dos header from C:\Windows\system32\SspiCli.dll
[0720/011538.608:ERROR:process_memory_win.cc(73)] ReadMemory at 0x7fff1f780000 of 64 bytes failed: Only part of a ReadProcessMemory or WriteProcessMemory request was completed. (0x12B)
[0720/011538.608:WARNING:pe_image_reader.cc(340)] could not read dos header from C:\Windows\system32\SspiCli.dll
[0720/011538.608:ERROR:process_memory_win.cc(73)] ReadMemory at 0x7fff1f810000 of 64 bytes failed: Only part of a ReadProcessMemory or WriteProcessMemory request was completed. (0x12B)
[0720/011538.608:WARNING:pe_image_reader.cc(340)] could not read dos header from C:\Windows\SYSTEM32\cfgmgr32.dll
[0720/011538.608:ERROR:process_memory_win.cc(73)] ReadMemory at 0x7fff1f810000 of 64 bytes failed: Only part of a ReadProcessMemory or WriteProcessMemory request was completed. (0x12B)
[0720/011538.609:WARNING:pe_image_reader.cc(340)] could not read dos header from C:\Windows\SYSTEM32\cfgmgr32.dll
[0720/011538.609:ERROR:process_memory_win.cc(73)] ReadMemory at 0x7fff1e410000 of 64 bytes failed: Only part of a ReadProcessMemory or WriteProcessMemory request was completed. (0x12B)
[0720/011538.609:WARNING:pe_image_reader.cc(340)] could not read dos header from C:\Windows\SYSTEM32\DEVOBJ.dll
[0720/011538.609:ERROR:process_memory_win.cc(73)] ReadMemory at 0x7fff1e410000 of 64 bytes failed: Only part of a ReadProcessMemory or WriteProcessMemory request was completed. (0x12B)
[0720/011538.609:WARNING:pe_image_reader.cc(340)] could not read dos header from C:\Windows\SYSTEM32\DEVOBJ.dll
[0720/011538.609:ERROR:process_memory_win.cc(73)] ReadMemory at 0x7fff1f540000 of 64 bytes failed: Only part of a ReadProcessMemory or WriteProcessMemory request was completed. (0x12B)
[0720/011538.609:WARNING:pe_image_reader.cc(340)] could not read dos header from C:\Windows\SYSTEM32\CRYPTBASE.DLL
[0720/011538.609:ERROR:process_memory_win.cc(73)] ReadMemory at 0x7fff1f540000 of 64 bytes failed: Only part of a ReadProcessMemory or WriteProcessMemory request was completed. (0x12B)
[0720/011538.609:WARNING:pe_image_reader.cc(340)] could not read dos header from C:\Windows\SYSTEM32\CRYPTBASE.DLL
[0720/011538.609:ERROR:process_memory_win.cc(73)] ReadMemory at 0x7fff1f4d0000 of 64 bytes failed: Only part of a ReadProcessMemory or WriteProcessMemory request was completed. (0x12B)
[0720/011538.609:WARNING:pe_image_reader.cc(340)] could not read dos header from C:\Windows\SYSTEM32\bcryptPrimitives.dll
[0720/011538.609:ERROR:process_memory_win.cc(73)] ReadMemory at 0x7fff1f4d0000 of 64 bytes failed: Only part of a ReadProcessMemory or WriteProcessMemory request was completed. (0x12B)
[0720/011538.609:WARNING:pe_image_reader.cc(340)] could not read dos header from C:\Windows\SYSTEM32\bcryptPrimitives.dll
[0720/011538.609:ERROR:process_memory_win.cc(73)] ReadMemory at 0x7fff20a70000 of 64 bytes failed: Only part of a ReadProcessMemory or WriteProcessMemory request was completed. (0x12B)
[0720/011538.609:WARNING:pe_image_reader.cc(340)] could not read dos header from C:\Windows\system32\IMM32.DLL
[0720/011538.610:ERROR:process_memory_win.cc(73)] ReadMemory at 0x7fff20a70000 of 64 bytes failed: Only part of a ReadProcessMemory or WriteProcessMemory request was completed. (0x12B)
[0720/011538.610:WARNING:pe_image_reader.cc(340)] could not read dos header from C:\Windows\system32\IMM32.DLL
[0720/011538.610:ERROR:process_memory_win.cc(73)] ReadMemory at 0x7fff20100000 of 64 bytes failed: Only part of a ReadProcessMemory or WriteProcessMemory request was completed. (0x12B)
[0720/011538.610:WARNING:pe_image_reader.cc(340)] could not read dos header from C:\Windows\system32\MSCTF.dll
[0720/011538.610:ERROR:process_memory_win.cc(73)] ReadMemory at 0x7fff20100000 of 64 bytes failed: Only part of a ReadProcessMemory or WriteProcessMemory request was completed. (0x12B)
[0720/011538.610:WARNING:pe_image_reader.cc(340)] could not read dos header from C:\Windows\system32\MSCTF.dll
[0720/011538.610:ERROR:process_memory_win.cc(73)] ReadMemory at 0x7fff1de20000 of 64 bytes failed: Only part of a ReadProcessMemory or WriteProcessMemory request was completed. (0x12B)
[0720/011538.610:WARNING:pe_image_reader.cc(340)] could not read dos header from C:\Windows\SYSTEM32\shcore.dll
[0720/011538.610:ERROR:process_memory_win.cc(73)] ReadMemory at 0x7fff1de20000 of 64 bytes failed: Only part of a ReadProcessMemory or WriteProcessMemory request was completed. (0x12B)
[0720/011538.610:WARNING:pe_image_reader.cc(340)] could not read dos header from C:\Windows\SYSTEM32\shcore.dll
[0720/011538.610:ERROR:process_memory_win.cc(73)] ReadMemory at 0x7ffedc140000 of 64 bytes failed: Only part of a ReadProcessMemory or WriteProcessMemory request was completed. (0x12B)
[0720/011538.610:WARNING:pe_image_reader.cc(340)] could not read dos header from C:\Program Files (x86)\Google\Chrome\Application\75.0.3770.142\chrome_child.dll
[0720/011538.610:ERROR:process_memory_win.cc(73)] ReadMemory at 0x7ffedc140000 of 64 bytes failed: Only part of a ReadProcessMemory or WriteProcessMemory request was completed. (0x12B)
[0720/011538.610:WARNING:pe_image_reader.cc(340)] could not read dos header from C:\Program Files (x86)\Google\Chrome\Application\75.0.3770.142\chrome_child.dll
[0720/011538.610:ERROR:process_memory_win.cc(73)] ReadMemory at 0x7fff200a0000 of 64 bytes failed: Only part of a ReadProcessMemory or WriteProcessMemory request was completed. (0x12B)
[0720/011538.611:WARNING:pe_image_reader.cc(340)] could not read dos header from C:\Windows\system32\WS2_32.dll
[0720/011538.611:ERROR:process_memory_win.cc(73)] ReadMemory at 0x7fff200a0000 of 64 bytes failed: Only part of a ReadProcessMemory or WriteProcessMemory request was completed. (0x12B)
[0720/011538.611:WARNING:pe_image_reader.cc(340)] could not read dos header from C:\Windows\system32\WS2_32.dll
[0720/011538.611:ERROR:process_memory_win.cc(73)] ReadMemory at 0x7fff1b010000 of 64 bytes failed: Only part of a ReadProcessMemory or WriteProcessMemory request was completed. (0x12B)
[0720/011538.611:WARNING:pe_image_reader.cc(340)] could not read dos header from C:\Windows\SYSTEM32\IPHLPAPI.DLL
[0720/011538.611:ERROR:process_memory_win.cc(73)] ReadMemory at 0x7fff1b010000 of 64 bytes failed: Only part of a ReadProcessMemory or WriteProcessMemory request was completed. (0x12B)
[0720/011538.611:WARNING:pe_image_reader.cc(340)] could not read dos header from C:\Windows\SYSTEM32\IPHLPAPI.DLL
[0720/011538.611:ERROR:process_memory_win.cc(73)] ReadMemory at 0x7fff20260000 of 64 bytes failed: Only part of a ReadProcessMemory or WriteProcessMemory request was completed. (0x12B)
[0720/011538.611:WARNING:pe_image_reader.cc(340)] could not read dos header from C:\Windows\system32\ole32.dll
[0720/011538.611:ERROR:process_memory_win.cc(73)] ReadMemory at 0x7fff20260000 of 64 bytes failed: Only part of a ReadProcessMemory or WriteProcessMemory request was completed. (0x12B)
[0720/011538.611:WARNING:pe_image_reader.cc(340)] could not read dos header from C:\Windows\system32\ole32.dll
[0720/011538.611:ERROR:process_memory_win.cc(73)] ReadMemory at 0x7fff1fe40000 of 64 bytes failed: Only part of a ReadProcessMemory or WriteProcessMemory request was completed. (0x12B)
[0720/011538.611:WARNING:pe_image_reader.cc(340)] could not read dos header from C:\Windows\system32\OLEAUT32.dll
[0720/011538.611:ERROR:process_memory_win.cc(73)] ReadMemory at 0x7fff1fe40000 of 64 bytes failed: Only part of a ReadProcessMemory or WriteProcessMemory request was completed. (0x12B)
[0720/011538.611:WARNING:pe_image_reader.cc(340)] could not read dos header from C:\Windows\system32\OLEAUT32.dll
[0720/011538.612:ERROR:process_memory_win.cc(73)] ReadMemory at 0x7fff1b650000 of 64 bytes failed: Only part of a ReadProcessMemory or WriteProcessMemory request was completed. (0x12B)
[0720/011538.612:WARNING:pe_image_reader.cc(340)] could not read dos header from C:\Windows\SYSTEM32\OLEACC.dll
[0720/011538.612:ERROR:process_memory_win.cc(73)] ReadMemory at 0x7fff1b650000 of 64 bytes failed: Only part of a ReadProcessMemory or WriteProcessMemory request was completed. (0x12B)
[0720/011538.612:WARNING:pe_image_reader.cc(340)] could not read dos header from C:\Windows\SYSTEM32\OLEACC.dll
[0720/011538.612:ERROR:process_memory_win.cc(73)] ReadMemory at 0x7ffeff980000 of 64 bytes failed: Only part of a ReadProcessMemory or WriteProcessMemory request was completed. (0x12B)
[0720/011538.612:WARNING:pe_image_reader.cc(340)] could not read dos header from C:\Windows\SYSTEM32\UIAutomationCore.DLL
[0720/011538.612:ERROR:process_memory_win.cc(73)] ReadMemory at 0x7ffeff980000 of 64 bytes failed: Only part of a ReadProcessMemory or WriteProcessMemory request was completed. (0x12B)
[0720/011538.612:WARNING:pe_image_reader.cc(340)] could not read dos header from C:\Windows\SYSTEM32\UIAutomationCore.DLL
[0720/011538.612:ERROR:process_memory_win.cc(73)] ReadMemory at 0x7fff1bdd0000 of 64 bytes failed: Only part of a ReadProcessMemory or WriteProcessMemory request was completed. (0x12B)
[0720/011538.612:WARNING:pe_image_reader.cc(340)] could not read dos header from C:\Windows\SYSTEM32\WTSAPI32.dll
[0720/011538.612:ERROR:process_memory_win.cc(73)] ReadMemory at 0x7fff1bdd0000 of 64 bytes failed: Only part of a ReadProcessMemory or WriteProcessMemory request was completed. (0x12B)
[0720/011538.612:WARNING:pe_image_reader.cc(340)] could not read dos header from C:\Windows\SYSTEM32\WTSAPI32.dll
[0720/011538.612:ERROR:process_memory_win.cc(73)] ReadMemory at 0x7fff1f7b0000 of 64 bytes failed: Only part of a ReadProcessMemory or WriteProcessMemory request was completed. (0x12B)
[0720/011538.612:WARNING:pe_image_reader.cc(340)] could not read dos header from C:\Windows\system32\WINTRUST.dll
[0720/011538.612:ERROR:process_memory_win.cc(73)] ReadMemory at 0x7fff1f7b0000 of 64 bytes failed: Only part of a ReadProcessMemory or WriteProcessMemory request was completed. (0x12B)
[0720/011538.613:WARNING:pe_image_reader.cc(340)] could not read dos header from C:\Windows\system32\WINTRUST.dll
[0720/011538.613:ERROR:process_memory_win.cc(73)] ReadMemory at 0x7fff1f980000 of 64 bytes failed: Only part of a ReadProcessMemory or WriteProcessMemory request was completed. (0x12B)
[0720/011538.613:WARNING:pe_image_reader.cc(340)] could not read dos header from C:\Windows\system32\CRYPT32.dll
[0720/011538.613:ERROR:process_memory_win.cc(73)] ReadMemory at 0x7fff1f980000 of 64 bytes failed: Only part of a ReadProcessMemory or WriteProcessMemory request was completed. (0x12B)
[0720/011538.613:WARNING:pe_image_reader.cc(340)] could not read dos header from C:\Windows\system32\CRYPT32.dll
[0720/011538.613:ERROR:process_memory_win.cc(73)] ReadMemory at 0x7fff1bdf0000 of 64 bytes failed: Only part of a ReadProcessMemory or WriteProcessMemory request was completed. (0x12B)
[0720/011538.613:WARNING:pe_image_reader.cc(340)] could not read dos header from C:\Windows\SYSTEM32\DWrite.dll
[0720/011538.613:ERROR:process_memory_win.cc(73)] ReadMemory at 0x7fff1bdf0000 of 64 bytes failed: Only part of a ReadProcessMemory or WriteProcessMemory request was completed. (0x12B)
[0720/011538.613:WARNING:pe_image_reader.cc(340)] could not read dos header from C:\Windows\SYSTEM32\DWrite.dll
[0720/011538.613:ERROR:process_memory_win.cc(73)] ReadMemory at 0x7fff1d4f0000 of 64 bytes failed: Only part of a ReadProcessMemory or WriteProcessMemory request was completed. (0x12B)
[0720/011538.613:WARNING:pe_image_reader.cc(340)] could not read dos header from C:\Windows\SYSTEM32\dxgi.dll
[0720/011538.613:ERROR:process_memory_win.cc(73)] ReadMemory at 0x7fff1d4f0000 of 64 bytes failed: Only part of a ReadProcessMemory or WriteProcessMemory request was completed. (0x12B)
[0720/011538.613:WARNING:pe_image_reader.cc(340)] could not read dos header from C:\Windows\SYSTEM32\dxgi.dll
[0720/011538.614:ERROR:process_memory_win.cc(73)] ReadMemory at 0x7fff05210000 of 64 bytes failed: Only part of a ReadProcessMemory or WriteProcessMemory request was completed. (0x12B)
[0720/011538.614:WARNING:pe_image_reader.cc(340)] could not read dos header from C:\Windows\SYSTEM32\WINSPOOL.DRV
[0720/011538.614:ERROR:process_memory_win.cc(73)] ReadMemory at 0x7fff05210000 of 64 bytes failed: Only part of a ReadProcessMemory or WriteProcessMemory request was completed. (0x12B)
[0720/011538.614:WARNING:pe_image_reader.cc(340)] could not read dos header from C:\Windows\SYSTEM32\WINSPOOL.DRV
[0720/011538.614:ERROR:process_memory_win.cc(73)] ReadMemory at 0x7fff18680000 of 64 bytes failed: Only part of a ReadProcessMemory or WriteProcessMemory request was completed. (0x12B)
[0720/011538.614:WARNING:pe_image_reader.cc(340)] could not read dos header from C:\Windows\SYSTEM32\dbghelp.dll
[0720/011538.614:ERROR:process_memory_win.cc(73)] ReadMemory at 0x7fff18680000 of 64 bytes failed: Only part of a ReadProcessMemory or WriteProcessMemory request was completed. (0x12B)
[0720/011538.614:WARNING:pe_image_reader.cc(340)] could not read dos header from C:\Windows\SYSTEM32\dbghelp.dll
[0720/011538.614:ERROR:process_memory_win.cc(73)] ReadMemory at 0x7fff1fd80000 of 64 bytes failed: Only part of a ReadProcessMemory or WriteProcessMemory request was completed. (0x12B)
[0720/011538.614:WARNING:pe_image_reader.cc(340)] could not read dos header from C:\Windows\system32\COMDLG32.dll
[0720/011538.614:ERROR:process_memory_win.cc(73)] ReadMemory at 0x7fff1fd80000 of 64 bytes failed: Only part of a ReadProcessMemory or WriteProcessMemory request was completed. (0x12B)
[0720/011538.614:WARNING:pe_image_reader.cc(340)] could not read dos header from C:\Windows\system32\COMDLG32.dll
[0720/011538.614:ERROR:process_memory_win.cc(73)] ReadMemory at 0x7fff19510000 of 64 bytes failed: Only part of a ReadProcessMemory or WriteProcessMemory request was completed. (0x12B)
[0720/011538.614:WARNING:pe_image_reader.cc(340)] could not read dos header from C:\Windows\SYSTEM32\USP10.dll
[0720/011538.614:ERROR:process_memory_win.cc(73)] ReadMemory at 0x7fff19510000 of 64 bytes failed: Only part of a ReadProcessMemory or WriteProcessMemory request was completed. (0x12B)
[0720/011538.615:WARNING:pe_image_reader.cc(340)] could not read dos header from C:\Windows\SYSTEM32\USP10.dll
[0720/011538.615:ERROR:process_memory_win.cc(73)] ReadMemory at 0x7fff18c30000 of 64 bytes failed: Only part of a ReadProcessMemory or WriteProcessMemory request was completed. (0x12B)
[0720/011538.615:WARNING:pe_image_reader.cc(340)] could not read dos header from C:\Windows\SYSTEM32\WINHTTP.dll
[0720/011538.615:ERROR:process_memory_win.cc(73)] ReadMemory at 0x7fff18c30000 of 64 bytes failed: Only part of a ReadProcessMemory or WriteProcessMemory request was completed. (0x12B)
[0720/011538.615:WARNING:pe_image_reader.cc(340)] could not read dos header from C:\Windows\SYSTEM32\WINHTTP.dll
[0720/011538.615:ERROR:process_memory_win.cc(73)] ReadMemory at 0x7fff15240000 of 64 bytes failed: Only part of a ReadProcessMemory or WriteProcessMemory request was completed. (0x12B)
[0720/011538.615:WARNING:pe_image_reader.cc(340)] could not read dos header from C:\Windows\SYSTEM32\urlmon.dll
[0720/011538.615:ERROR:process_memory_win.cc(73)] ReadMemory at 0x7fff15240000 of 64 bytes failed: Only part of a ReadProcessMemory or WriteProcessMemory request was completed. (0x12B)
[0720/011538.615:WARNING:pe_image_reader.cc(340)] could not read dos header from C:\Windows\SYSTEM32\urlmon.dll
[0720/011538.615:ERROR:process_memory_win.cc(73)] ReadMemory at 0x7fff15550000 of 64 bytes failed: Only part of a ReadProcessMemory or WriteProcessMemory request was completed. (0x12B)
[0720/011538.615:WARNING:pe_image_reader.cc(340)] could not read dos header from C:\Windows\SYSTEM32\Secur32.dll
[0720/011538.615:ERROR:process_memory_win.cc(73)] ReadMemory at 0x7fff15550000 of 64 bytes failed: Only part of a ReadProcessMemory or WriteProcessMemory request was completed. (0x12B)
[0720/011538.615:WARNING:pe_image_reader.cc(340)] could not read dos header from C:\Windows\SYSTEM32\Secur32.dll
[0720/011538.615:ERROR:process_memory_win.cc(73)] ReadMemory at 0x7fff1a9b0000 of 64 bytes failed: Only part of a ReadProcessMemory or WriteProcessMemory request was completed. (0x12B)
[0720/011538.615:WARNING:pe_image_reader.cc(340)] could not read dos header from C:\Windows\SYSTEM32\dhcpcsvc.DLL
[0720/011538.616:ERROR:process_memory_win.cc(73)] ReadMemory at 0x7fff1a9b0000 of 64 bytes failed: Only part of a ReadProcessMemory or WriteProcessMemory request was completed. (0x12B)
[0720/011538.616:WARNING:pe_image_reader.cc(340)] could not read dos header from C:\Windows\SYSTEM32\dhcpcsvc.DLL
[0720/011538.616:ERROR:process_memory_win.cc(73)] ReadMemory at 0x43c7b50000 of 64 bytes failed: Only part of a ReadProcessMemory or WriteProcessMemory request was completed. (0x12B)
[0720/011538.616:WARNING:pe_image_reader.cc(340)] could not read dos header from C:\Windows\system32\NSI.dll
[0720/011538.616:ERROR:process_memory_win.cc(73)] ReadMemory at 0x43c7b50000 of 64 bytes failed: Only part of a ReadProcessMemory or WriteProcessMemory request was completed. (0x12B)
[0720/011538.616:WARNING:pe_image_reader.cc(340)] could not read dos header from C:\Windows\system32\NSI.dll
[0720/011538.616:ERROR:process_memory_win.cc(73)] ReadMemory at 0x7fff1aff0000 of 64 bytes failed: Only part of a ReadProcessMemory or WriteProcessMemory request was completed. (0x12B)
[0720/011538.616:WARNING:pe_image_reader.cc(340)] could not read dos header from C:\Windows\SYSTEM32\WINNSI.DLL
[0720/011538.616:ERROR:process_memory_win.cc(73)] ReadMemory at 0x7fff1aff0000 of 64 bytes failed: Only part of a ReadProcessMemory or WriteProcessMemory request was completed. (0x12B)
[0720/011538.616:WARNING:pe_image_reader.cc(340)] could not read dos header from C:\Windows\SYSTEM32\WINNSI.DLL
[0720/011538.616:ERROR:process_memory_win.cc(73)] ReadMemory at 0x7fff1f6b0000 of 64 bytes failed: Only part of a ReadProcessMemory or WriteProcessMemory request was completed. (0x12B)
[0720/011538.616:WARNING:pe_image_reader.cc(340)] could not read dos header from C:\Windows\system32\MSASN1.dll
[0720/011538.616:ERROR:process_memory_win.cc(73)] ReadMemory at 0x7fff1f6b0000 of 64 bytes failed: Only part of a ReadProcessMemory or WriteProcessMemory request was completed. (0x12B)
[0720/011538.616:WARNING:pe_image_reader.cc(340)] could not read dos header from C:\Windows\system32\MSASN1.dll
[0720/011538.616:ERROR:process_memory_win.cc(73)] ReadMemory at 0x7fff1cdd0000 of 64 bytes failed: Only part of a ReadProcessMemory or WriteProcessMemory request was completed. (0x12B)
[0720/011538.616:WARNING:pe_image_reader.cc(340)] could not read dos header from C:\Windows\WinSxS\amd64_microsoft.windows.common-controls_6595b64144ccf1df_6.0.9600.19394_none_62486577ecb635cf\COMCTL32.dll
[0720/011538.617:ERROR:process_memory_win.cc(73)] ReadMemory at 0x7fff1cdd0000 of 64 bytes failed: Only part of a ReadProcessMemory or WriteProcessMemory request was completed. (0x12B)
[0720/011538.617:WARNING:pe_image_reader.cc(340)] could not read dos header from C:\Windows\WinSxS\amd64_microsoft.windows.common-controls_6595b64144ccf1df_6.0.9600.19394_none_62486577ecb635cf\COMCTL32.dll
[0720/011538.617:ERROR:process_memory_win.cc(73)] ReadMemory at 0x7fff18850000 of 64 bytes failed: Only part of a ReadProcessMemory or WriteProcessMemory request was completed. (0x12B)
[0720/011538.617:WARNING:pe_image_reader.cc(340)] could not read dos header from C:\Windows\SYSTEM32\iertutil.dll
[0720/011538.617:ERROR:process_memory_win.cc(73)] ReadMemory at 0x7fff18850000 of 64 bytes failed: Only part of a ReadProcessMemory or WriteProcessMemory request was completed. (0x12B)
[0720/011538.617:WARNING:pe_image_reader.cc(340)] could not read dos header from C:\Windows\SYSTEM32\iertutil.dll
[0720/011538.617:ERROR:process_memory_win.cc(73)] ReadMemory at 0x7fff18d20000 of 64 bytes failed: Only part of a ReadProcessMemory or WriteProcessMemory request was completed. (0x12B)
[0720/011538.617:WARNING:pe_image_reader.cc(340)] could not read dos header from C:\Windows\SYSTEM32\WININET.dll
[0720/011538.617:ERROR:process_memory_win.cc(73)] ReadMemory at 0x7fff18d20000 of 64 bytes failed: Only part of a ReadProcessMemory or WriteProcessMemory request was completed. (0x12B)
[0720/011538.617:WARNING:pe_image_reader.cc(340)] could not read dos header from C:\Windows\SYSTEM32\WININET.dll
[0720/011559.624:ERROR:process_memory_win.cc(73)] ReadMemory at 0x7ff6e9a40000 of 64 bytes failed: Only part of a ReadProcessMemory or WriteProcessMemory request was completed. (0x12B)
[0720/011559.624:WARNING:pe_image_reader.cc(340)] could not read dos header from C:\Program Files (x86)\Google\Chrome\Application\chrome.exe
[0720/011559.624:ERROR:process_memory_win.cc(73)] ReadMemory at 0x7fff224d0000 of 64 bytes failed: Only part of a ReadProcessMemory or WriteProcessMemory request was completed. (0x12B)
[0720/011559.624:WARNING:pe_image_reader.cc(340)] could not read dos header from C:\Windows\SYSTEM32\ntdll.dll
[0720/011559.624:ERROR:process_memory_win.cc(73)] ReadMemory at 0x7fff1fb90000 of 64 bytes failed: Only part of a ReadProcessMemory or WriteProcessMemory request was completed. (0x12B)
[0720/011559.624:WARNING:pe_image_reader.cc(340)] could not read dos header from C:\Windows\system32\KERNEL32.dll
[0720/011559.624:ERROR:process_memory_win.cc(73)] ReadMemory at 0x7fff1f860000 of 64 bytes failed: Only part of a ReadProcessMemory or WriteProcessMemory request was completed. (0x12B)
[0720/011559.625:WARNING:pe_image_reader.cc(340)] could not read dos header from C:\Windows\system32\KERNELBASE.dll
[0720/011559.625:ERROR:process_memory_win.cc(73)] ReadMemory at 0x7fff15c80000 of 64 bytes failed: Only part of a ReadProcessMemory or WriteProcessMemory request was completed. (0x12B)
[0720/011559.625:WARNING:pe_image_reader.cc(340)] could not read dos header from C:\Program Files (x86)\Google\Chrome\Application\75.0.3770.142\chrome_elf.dll
[0720/011559.625:ERROR:process_memory_win.cc(73)] ReadMemory at 0x7fff20ee0000 of 64 bytes failed: Only part of a ReadProcessMemory or WriteProcessMemory request was completed. (0x12B)
[0720/011559.625:WARNING:pe_image_reader.cc(340)] could not read dos header from C:\Windows\system32\SHELL32.dll
[0720/011559.625:ERROR:process_memory_win.cc(73)] ReadMemory at 0x43c77d0000 of 64 bytes failed: Only part of a ReadProcessMemory or WriteProcessMemory request was completed. (0x12B)
[0720/011559.625:WARNING:pe_image_reader.cc(340)] could not read dos header from C:\Windows\system32\ADVAPI32.dll
[0720/011559.627:ERROR:process_memory_win.cc(73)] ReadMemory at 0x7fff1ff10000 of 64 bytes failed: Only part of a ReadProcessMemory or WriteProcessMemory request was completed. (0x12B)
[0720/011559.627:WARNING:pe_image_reader.cc(340)] could not read dos header from C:\Windows\system32\USER32.dll
[0720/011559.627:ERROR:process_memory_win.cc(73)] ReadMemory at 0x7fff191d0000 of 64 bytes failed: Only part of a ReadProcessMemory or WriteProcessMemory request was completed. (0x12B)
[0720/011559.627:WARNING:pe_image_reader.cc(340)] could not read dos header from C:\Windows\SYSTEM32\VERSION.dll
[0720/011559.627:ERROR:process_memory_win.cc(73)] ReadMemory at 0x7fff20c70000 of 64 bytes failed: Only part of a ReadProcessMemory or WriteProcessMemory request was completed. (0x12B)
[0720/011559.627:WARNING:pe_image_reader.cc(340)] could not read dos header from C:\Windows\system32\SHLWAPI.dll
[0720/011559.628:ERROR:process_memory_win.cc(73)] ReadMemory at 0x7fff148a0000 of 64 bytes failed: Only part of a ReadProcessMemory or WriteProcessMemory request was completed. (0x12B)
[0720/011559.628:WARNING:pe_image_reader.cc(340)] could not read dos header from C:\Windows\SYSTEM32\WINMM.dll
[0720/011559.628:ERROR:process_memory_win.cc(73)] ReadMemory at 0x7fff1ebc0000 of 64 bytes failed: Only part of a ReadProcessMemory or WriteProcessMemory request was completed. (0x12B)
[0720/011559.628:WARNING:pe_image_reader.cc(340)] could not read dos header from C:\Windows\SYSTEM32\USERENV.dll
[0720/011559.628:ERROR:process_memory_win.cc(73)] ReadMemory at 0x7fff209c0000 of 64 bytes failed: Only part of a ReadProcessMemory or WriteProcessMemory request was completed. (0x12B)
[0720/011559.628:WARNING:pe_image_reader.cc(340)] could not read dos header from C:\Windows\system32\msvcrt.dll
[0720/011559.628:ERROR:process_memory_win.cc(73)] ReadMemory at 0x7fff20cd0000 of 64 bytes failed: Only part of a ReadProcessMemory or WriteProcessMemory request was completed. (0x12B)
[0720/011559.628:WARNING:pe_image_reader.cc(340)] could not read dos header from C:\Windows\SYSTEM32\combase.dll
[0720/011559.628:ERROR:process_memory_win.cc(73)] ReadMemory at 0x7fff20b20000 of 64 bytes failed: Only part of a ReadProcessMemory or WriteProcessMemory request was completed. (0x12B)
[0720/011559.628:WARNING:pe_image_reader.cc(340)] could not read dos header from C:\Windows\system32\GDI32.dll
[0720/011559.628:ERROR:process_memory_win.cc(73)] ReadMemory at 0x7fff20760000 of 64 bytes failed: Only part of a ReadProcessMemory or WriteProcessMemory request was completed. (0x12B)
[0720/011559.628:WARNING:pe_image_reader.cc(340)] could not read dos header from C:\Windows\SYSTEM32\sechost.dll
[0720/011559.628:ERROR:process_memory_win.cc(73)] ReadMemory at 0x7fff205c0000 of 64 bytes failed: Only part of a ReadProcessMemory or WriteProcessMemory request was completed. (0x12B)
[0720/011559.629:WARNING:pe_image_reader.cc(340)] could not read dos header from C:\Windows\system32\RPCRT4.dll
[0720/011559.629:ERROR:process_memory_win.cc(73)] ReadMemory at 0x7fff14870000 of 64 bytes failed: Only part of a ReadProcessMemory or WriteProcessMemory request was completed. (0x12B)
[0720/011559.629:WARNING:pe_image_reader.cc(340)] could not read dos header from C:\Windows\SYSTEM32\WINMMBASE.dll
[0720/011559.629:ERROR:process_memory_win.cc(73)] ReadMemory at 0x7fff1f600000 of 64 bytes failed: Only part of a ReadProcessMemory or WriteProcessMemory request was completed. (0x12B)
[0720/011559.629:WARNING:pe_image_reader.cc(340)] could not read dos header from C:\Windows\SYSTEM32\profapi.dll
[0720/011559.629:ERROR:process_memory_win.cc(73)] ReadMemory at 0x7fff1f780000 of 64 bytes failed: Only part of a ReadProcessMemory or WriteProcessMemory request was completed. (0x12B)
[0720/011559.629:WARNING:pe_image_reader.cc(340)] could not read dos header from C:\Windows\system32\SspiCli.dll
[0720/011559.629:ERROR:process_memory_win.cc(73)] ReadMemory at 0x7fff1f810000 of 64 bytes failed: Only part of a ReadProcessMemory or WriteProcessMemory request was completed. (0x12B)
[0720/011559.630:WARNING:pe_image_reader.cc(340)] could not read dos header from C:\Windows\SYSTEM32\cfgmgr32.dll
[0720/011559.630:ERROR:process_memory_win.cc(73)] ReadMemory at 0x7fff1e410000 of 64 bytes failed: Only part of a ReadProcessMemory or WriteProcessMemory request was completed. (0x12B)
[0720/011559.630:WARNING:pe_image_reader.cc(340)] could not read dos header from C:\Windows\SYSTEM32\DEVOBJ.dll
[0720/011559.630:ERROR:process_memory_win.cc(73)] ReadMemory at 0x7fff1f540000 of 64 bytes failed: Only part of a ReadProcessMemory or WriteProcessMemory request was completed. (0x12B)
[0720/011559.630:WARNING:pe_image_reader.cc(340)] could not read dos header from C:\Windows\SYSTEM32\CRYPTBASE.DLL
[0720/011559.631:ERROR:process_memory_win.cc(73)] ReadMemory at 0x7fff1f4d0000 of 64 bytes failed: Only part of a ReadProcessMemory or WriteProcessMemory request was completed. (0x12B)
[0720/011559.631:WARNING:pe_image_reader.cc(340)] could not read dos header from C:\Windows\SYSTEM32\bcryptPrimitives.dll
[0720/011559.631:ERROR:process_memory_win.cc(73)] ReadMemory at 0x7fff20a70000 of 64 bytes failed: Only part of a ReadProcessMemory or WriteProcessMemory request was completed. (0x12B)
[0720/011559.633:WARNING:pe_image_reader.cc(340)] could not read dos header from C:\Windows\system32\IMM32.DLL
[0720/011559.636:ERROR:process_memory_win.cc(73)] ReadMemory at 0x7fff20100000 of 64 bytes failed: Only part of a ReadProcessMemory or WriteProcessMemory request was completed. (0x12B)
[0720/011559.636:WARNING:pe_image_reader.cc(340)] could not read dos header from C:\Windows\system32\MSCTF.dll
[0720/011559.636:ERROR:process_memory_win.cc(73)] ReadMemory at 0x7fff1de20000 of 64 bytes failed: Only part of a ReadProcessMemory or WriteProcessMemory request was completed. (0x12B)
[0720/011559.636:WARNING:pe_image_reader.cc(340)] could not read dos header from C:\Windows\SYSTEM32\shcore.dll
[0720/011559.636:ERROR:process_memory_win.cc(73)] ReadMemory at 0x7ffedc140000 of 64 bytes failed: Only part of a ReadProcessMemory or WriteProcessMemory request was completed. (0x12B)
[0720/011559.636:WARNING:pe_image_reader.cc(340)] could not read dos header from C:\Program Files (x86)\Google\Chrome\Application\75.0.3770.142\chrome_child.dll
[0720/011559.637:ERROR:process_memory_win.cc(73)] ReadMemory at 0x7fff200a0000 of 64 bytes failed: Only part of a ReadProcessMemory or WriteProcessMemory request was completed. (0x12B)
[0720/011559.637:WARNING:pe_image_reader.cc(340)] could not read dos header from C:\Windows\system32\WS2_32.dll
[0720/011559.637:ERROR:process_memory_win.cc(73)] ReadMemory at 0x7fff1b010000 of 64 bytes failed: Only part of a ReadProcessMemory or WriteProcessMemory request was completed. (0x12B)
[0720/011559.637:WARNING:pe_image_reader.cc(340)] could not read dos header from C:\Windows\SYSTEM32\IPHLPAPI.DLL
[0720/011559.637:ERROR:process_memory_win.cc(73)] ReadMemory at 0x7fff20260000 of 64 bytes failed: Only part of a ReadProcessMemory or WriteProcessMemory request was completed. (0x12B)
[0720/011559.637:WARNING:pe_image_reader.cc(340)] could not read dos header from C:\Windows\system32\ole32.dll
[0720/011559.637:ERROR:process_memory_win.cc(73)] ReadMemory at 0x7fff1fe40000 of 64 bytes failed: Only part of a ReadProcessMemory or WriteProcessMemory request was completed. (0x12B)
[0720/011559.637:WARNING:pe_image_reader.cc(340)] could not read dos header from C:\Windows\system32\OLEAUT32.dll
[0720/011559.637:ERROR:process_memory_win.cc(73)] ReadMemory at 0x7fff1b650000 of 64 bytes failed: Only part of a ReadProcessMemory or WriteProcessMemory request was completed. (0x12B)
[0720/011559.637:WARNING:pe_image_reader.cc(340)] could not read dos header from C:\Windows\SYSTEM32\OLEACC.dll
[0720/011559.637:ERROR:process_memory_win.cc(73)] ReadMemory at 0x7ffeff980000 of 64 bytes failed: Only part of a ReadProcessMemory or WriteProcessMemory request was completed. (0x12B)
[0720/011559.637:WARNING:pe_image_reader.cc(340)] could not read dos header from C:\Windows\SYSTEM32\UIAutomationCore.DLL
[0720/011559.637:ERROR:process_memory_win.cc(73)] ReadMemory at 0x7fff1bdd0000 of 64 bytes failed: Only part of a ReadProcessMemory or WriteProcessMemory request was completed. (0x12B)
[0720/011559.638:WARNING:pe_image_reader.cc(340)] could not read dos header from C:\Windows\SYSTEM32\WTSAPI32.dll
[0720/011559.638:ERROR:process_memory_win.cc(73)] ReadMemory at 0x7fff1f7b0000 of 64 bytes failed: Only part of a ReadProcessMemory or WriteProcessMemory request was completed. (0x12B)
[0720/011559.638:WARNING:pe_image_reader.cc(340)] could not read dos header from C:\Windows\system32\WINTRUST.dll
[0720/011559.638:ERROR:process_memory_win.cc(73)] ReadMemory at 0x7fff1f980000 of 64 bytes failed: Only part of a ReadProcessMemory or WriteProcessMemory request was completed. (0x12B)
[0720/011559.638:WARNING:pe_image_reader.cc(340)] could not read dos header from C:\Windows\system32\CRYPT32.dll
[0720/011559.639:ERROR:process_memory_win.cc(73)] ReadMemory at 0x7fff1bdf0000 of 64 bytes failed: Only part of a ReadProcessMemory or WriteProcessMemory request was completed. (0x12B)
[0720/011559.639:WARNING:pe_image_reader.cc(340)] could not read dos header from C:\Windows\SYSTEM32\DWrite.dll
[0720/011559.639:ERROR:process_memory_win.cc(73)] ReadMemory at 0x7fff1d4f0000 of 64 bytes failed: Only part of a ReadProcessMemory or WriteProcessMemory request was completed. (0x12B)
[0720/011559.639:WARNING:pe_image_reader.cc(340)] could not read dos header from C:\Windows\SYSTEM32\dxgi.dll
[0720/011559.639:ERROR:process_memory_win.cc(73)] ReadMemory at 0x7fff05210000 of 64 bytes failed: Only part of a ReadProcessMemory or WriteProcessMemory request was completed. (0x12B)
[0720/011559.639:WARNING:pe_image_reader.cc(340)] could not read dos header from C:\Windows\SYSTEM32\WINSPOOL.DRV
[0720/011559.639:ERROR:process_memory_win.cc(73)] ReadMemory at 0x7fff18680000 of 64 bytes failed: Only part of a ReadProcessMemory or WriteProcessMemory request was completed. (0x12B)
[0720/011559.639:WARNING:pe_image_reader.cc(340)] could not read dos header from C:\Windows\SYSTEM32\dbghelp.dll
[0720/011559.639:ERROR:process_memory_win.cc(73)] ReadMemory at 0x7fff1fd80000 of 64 bytes failed: Only part of a ReadProcessMemory or WriteProcessMemory request was completed. (0x12B)
[0720/011559.639:WARNING:pe_image_reader.cc(340)] could not read dos header from C:\Windows\system32\COMDLG32.dll
[0720/011559.639:ERROR:process_memory_win.cc(73)] ReadMemory at 0x7fff19510000 of 64 bytes failed: Only part of a ReadProcessMemory or WriteProcessMemory request was completed. (0x12B)
[0720/011559.639:WARNING:pe_image_reader.cc(340)] could not read dos header from C:\Windows\SYSTEM32\USP10.dll
[0720/011559.639:ERROR:process_memory_win.cc(73)] ReadMemory at 0x7fff18c30000 of 64 bytes failed: Only part of a ReadProcessMemory or WriteProcessMemory request was completed. (0x12B)
[0720/011559.639:WARNING:pe_image_reader.cc(340)] could not read dos header from C:\Windows\SYSTEM32\WINHTTP.dll
[0720/011559.639:ERROR:process_memory_win.cc(73)] ReadMemory at 0x7fff15240000 of 64 bytes failed: Only part of a ReadProcessMemory or WriteProcessMemory request was completed. (0x12B)
[0720/011559.639:WARNING:pe_image_reader.cc(340)] could not read dos header from C:\Windows\SYSTEM32\urlmon.dll
[0720/011559.640:ERROR:process_memory_win.cc(73)] ReadMemory at 0x7fff15550000 of 64 bytes failed: Only part of a ReadProcessMemory or WriteProcessMemory request was completed. (0x12B)
[0720/011559.640:WARNING:pe_image_reader.cc(340)] could not read dos header from C:\Windows\SYSTEM32\Secur32.dll
[0720/011559.640:ERROR:process_memory_win.cc(73)] ReadMemory at 0x7fff1a9b0000 of 64 bytes failed: Only part of a ReadProcessMemory or WriteProcessMemory request was completed. (0x12B)
[0720/011559.640:WARNING:pe_image_reader.cc(340)] could not read dos header from C:\Windows\SYSTEM32\dhcpcsvc.DLL
[0720/011559.640:ERROR:process_memory_win.cc(73)] ReadMemory at 0x43c7b50000 of 64 bytes failed: Only part of a ReadProcessMemory or WriteProcessMemory request was completed. (0x12B)
[0720/011559.640:WARNING:pe_image_reader.cc(340)] could not read dos header from C:\Windows\system32\NSI.dll
[0720/011559.640:ERROR:process_memory_win.cc(73)] ReadMemory at 0x7fff1aff0000 of 64 bytes failed: Only part of a ReadProcessMemory or WriteProcessMemory request was completed. (0x12B)
[0720/011559.640:WARNING:pe_image_reader.cc(340)] could not read dos header from C:\Windows\SYSTEM32\WINNSI.DLL
[0720/011559.640:ERROR:process_memory_win.cc(73)] ReadMemory at 0x7fff1f6b0000 of 64 bytes failed: Only part of a ReadProcessMemory or WriteProcessMemory request was completed. (0x12B)
[0720/011559.640:WARNING:pe_image_reader.cc(340)] could not read dos header from C:\Windows\system32\MSASN1.dll
[0720/011559.640:ERROR:process_memory_win.cc(73)] ReadMemory at 0x7fff1cdd0000 of 64 bytes failed: Only part of a ReadProcessMemory or WriteProcessMemory request was completed. (0x12B)
[0720/011559.640:WARNING:pe_image_reader.cc(340)] could not read dos header from C:\Windows\WinSxS\amd64_microsoft.windows.common-controls_6595b64144ccf1df_6.0.9600.19394_none_62486577ecb635cf\COMCTL32.dll
[0720/011559.641:ERROR:process_memory_win.cc(73)] ReadMemory at 0x7fff18850000 of 64 bytes failed: Only part of a ReadProcessMemory or WriteProcessMemory request was completed. (0x12B)
[0720/011559.641:WARNING:pe_image_reader.cc(340)] could not read dos header from C:\Windows\SYSTEM32\iertutil.dll
[0720/011559.642:ERROR:process_memory_win.cc(73)] ReadMemory at 0x7fff18d20000 of 64 bytes failed: Only part of a ReadProcessMemory or WriteProcessMemory request was completed. (0x12B)
[0720/011559.642:WARNING:pe_image_reader.cc(340)] could not read dos header from C:\Windows\SYSTEM32\WININET.dll
[0720/011600.074:ERROR:process_memory_win.cc(73)] ReadMemory at 0x43c755d000 of 77824 bytes failed: Only part of a ReadProcessMemory or WriteProcessMemory request was completed. (0x12B)
[0720/011600.075:ERROR:process_memory_win.cc(73)] ReadMemory at 0x43c9b5d000 of 12288 bytes failed: Only part of a ReadProcessMemory or WriteProcessMemory request was completed. (0x12B)
[0720/011600.075:ERROR:process_memory_win.cc(73)] ReadMemory at 0x43c9d55000 of 45056 bytes failed: Only part of a ReadProcessMemory or WriteProcessMemory request was completed. (0x12B)
[0720/011600.076:ERROR:process_memory_win.cc(73)] ReadMemory at 0x43c9f5d000 of 12288 bytes failed: Only part of a ReadProcessMemory or WriteProcessMemory request was completed. (0x12B)
[0720/011600.077:ERROR:process_memory_win.cc(73)] ReadMemory at 0x43ca15c000 of 16384 bytes failed: Only part of a ReadProcessMemory or WriteProcessMemory request was completed. (0x12B)
[0720/011600.077:ERROR:process_memory_win.cc(73)] ReadMemory at 0x43ca35e000 of 8192 bytes failed: Only part of a ReadProcessMemory or WriteProcessMemory request was completed. (0x12B)
[0720/011600.077:ERROR:process_memory_win.cc(73)] ReadMemory at 0x43ca55c000 of 16384 bytes failed: Only part of a ReadProcessMemory or WriteProcessMemory request was completed. (0x12B)
[0720/011600.078:ERROR:process_memory_win.cc(73)] ReadMemory at 0x43ca95b000 of 20480 bytes failed: Only part of a ReadProcessMemory or WriteProcessMemory request was completed. (0x12B)
[0720/011600.078:ERROR:process_memory_win.cc(73)] ReadMemory at 0x43cad5c000 of 16384 bytes failed: Only part of a ReadProcessMemory or WriteProcessMemory request was completed. (0x12B)
[0720/011600.079:ERROR:process_memory_win.cc(73)] ReadMemory at 0x43caf5d000 of 12288 bytes failed: Only part of a ReadProcessMemory or WriteProcessMemory request was completed. (0x12B)
[0720/011600.079:ERROR:process_memory_win.cc(73)] ReadMemory at 0x43cb79d000 of 12288 bytes failed: Only part of a ReadProcessMemory or WriteProcessMemory request was completed. (0x12B)
[0720/011600.079:ERROR:process_memory_win.cc(73)] ReadMemory at 0x43cbd9d000 of 12288 bytes failed: Only part of a ReadProcessMemory or WriteProcessMemory request was completed. (0x12B)
[0720/011600.079:ERROR:process_memory_win.cc(73)] ReadMemory at 0x43cab5e000 of 8192 bytes failed: Only part of a ReadProcessMemory or WriteProcessMemory request was completed. (0x12B)
[0720/011600.080:ERROR:process_memory_win.cc(73)] ReadMemory at 0x43c7650860 of 15766 bytes failed: Only part of a ReadProcessMemory or WriteProcessMemory request was completed. (0x12B)
[0720/011600.080:ERROR:process_memory_win.cc(73)] ReadMemory at 0x43c7654600 of 1012 bytes failed: Only part of a ReadProcessMemory or WriteProcessMemory request was completed. (0x12B)
[0720/011600.080:ERROR:process_memory_win.cc(73)] ReadMemory at 0x43c7654c18 of 118 bytes failed: Only part of a ReadProcessMemory or WriteProcessMemory request was completed. (0x12B)
[0720/011600.080:ERROR:process_memory_win.cc(73)] ReadMemory at 0x43c7654c90 of 878 bytes failed: Only part of a ReadProcessMemory or WriteProcessMemory request was completed. (0x12B)
[0720/011600.080:ERROR:process_memory_win.cc(73)] ReadMemory at 0x43c7655000 of 118 bytes failed: Only part of a ReadProcessMemory or WriteProcessMemory request was completed. (0x12B)
[0720/011600.080:ERROR:process_memory_win.cc(73)] ReadMemory at 0x43c7655078 of 98 bytes failed: Only part of a ReadProcessMemory or WriteProcessMemory request was completed. (0x12B)
[0720/011600.080:ERROR:process_memory_win.cc(73)] ReadMemory at 0x43c76550f0 of 58 bytes failed: Only part of a ReadProcessMemory or WriteProcessMemory request was completed. (0x12B)
[0720/011600.081:ERROR:process_memory_win.cc(73)] ReadMemory at 0x43c76551f0 of 132 bytes failed: Only part of a ReadProcessMemory or WriteProcessMemory request was completed. (0x12B)
[0720/011600.081:ERROR:process_memory_win.cc(73)] ReadMemory at 0x43c7655370 of 132 bytes failed: Only part of a ReadProcessMemory or WriteProcessMemory request was completed. (0x12B)
[0720/011600.081:ERROR:process_memory_win.cc(73)] ReadMemory at 0x43c7655580 of 126 bytes failed: Only part of a ReadProcessMemory or WriteProcessMemory request was completed. (0x12B)
[0720/011600.081:ERROR:process_memory_win.cc(73)] ReadMemory at 0x43c7655cd0 of 64 bytes failed: Only part of a ReadProcessMemory or WriteProcessMemory request was completed. (0x12B)
[0720/011600.081:ERROR:process_memory_win.cc(73)] ReadMemory at 0x43c7655e80 of 132 bytes failed: Only part of a ReadProcessMemory or WriteProcessMemory request was completed. (0x12B)
[0720/011600.081:ERROR:process_memory_win.cc(73)] ReadMemory at 0x43c7656220 of 68 bytes failed: Only part of a ReadProcessMemory or WriteProcessMemory request was completed. (0x12B)
[0720/011600.081:ERROR:process_memory_win.cc(73)] ReadMemory at 0x43c7656270 of 132 bytes failed: Only part of a ReadProcessMemory or WriteProcessMemory request was completed. (0x12B)
[0720/011600.081:ERROR:process_memory_win.cc(73)] ReadMemory at 0x43c765d840 of 154 bytes failed: Only part of a ReadProcessMemory or WriteProcessMemory request was completed. (0x12B)
[0720/011600.082:ERROR:process_memory_win.cc(73)] ReadMemory at 0x43c765d8f0 of 132 bytes failed: Only part of a ReadProcessMemory or WriteProcessMemory request was completed. (0x12B)
[0720/011600.082:ERROR:process_memory_win.cc(73)] ReadMemory at 0x43c765da70 of 62 bytes failed: Only part of a ReadProcessMemory or WriteProcessMemory request was completed. (0x12B)
[0720/011600.082:ERROR:process_memory_win.cc(73)] ReadMemory at 0x43c765dac0 of 132 bytes failed: Only part of a ReadProcessMemory or WriteProcessMemory request was completed. (0x12B)
[0720/011600.082:ERROR:process_memory_win.cc(73)] ReadMemory at 0x43c765dcf0 of 62 bytes failed: Only part of a ReadProcessMemory or WriteProcessMemory request was completed. (0x12B)
[0720/011600.082:ERROR:process_memory_win.cc(73)] ReadMemory at 0x43c765dd90 of 58 bytes failed: Only part of a ReadProcessMemory or WriteProcessMemory request was completed. (0x12B)
[0720/011600.083:ERROR:process_memory_win.cc(73)] ReadMemory at 0x43c765de30 of 58 bytes failed: Only part of a ReadProcessMemory or WriteProcessMemory request was completed. (0x12B)
[0720/011600.083:ERROR:process_memory_win.cc(73)] ReadMemory at 0x43c765de80 of 60 bytes failed: Only part of a ReadProcessMemory or WriteProcessMemory request was completed. (0x12B)
[0720/011600.083:ERROR:process_memory_win.cc(73)] ReadMemory at 0x43c765ded0 of 62 bytes failed: Only part of a ReadProcessMemory or WriteProcessMemory request was completed. (0x12B)
[0720/011600.083:ERROR:process_memory_win.cc(73)] ReadMemory at 0x43c765df20 of 60 bytes failed: Only part of a ReadProcessMemory or WriteProcessMemory request was completed. (0x12B)
[0720/011600.083:ERROR:process_memory_win.cc(73)] ReadMemory at 0x43c765df70 of 62 bytes failed: Only part of a ReadProcessMemory or WriteProcessMemory request was completed. (0x12B)
[0720/011600.083:ERROR:process_memory_win.cc(73)] ReadMemory at 0x43c765dfc0 of 60 bytes failed: Only part of a ReadProcessMemory or WriteProcessMemory request was completed. (0x12B)
[0720/011600.083:ERROR:process_memory_win.cc(73)] ReadMemory at 0x43c765e060 of 64 bytes failed: Only part of a ReadProcessMemory or WriteProcessMemory request was completed. (0x12B)
[0720/011600.083:ERROR:process_memory_win.cc(73)] ReadMemory at 0x43c765e0b0 of 62 bytes failed: Only part of a ReadProcessMemory or WriteProcessMemory request was completed. (0x12B)
[0720/011600.084:ERROR:process_memory_win.cc(73)] ReadMemory at 0x43c765e150 of 62 bytes failed: Only part of a ReadProcessMemory or WriteProcessMemory request was completed. (0x12B)
[0720/011600.174:ERROR:process_memory_win.cc(73)] ReadMemory at 0x43c765e1a0 of 62 bytes failed: Only part of a ReadProcessMemory or WriteProcessMemory request was completed. (0x12B)
[0720/011600.174:ERROR:process_memory_win.cc(73)] ReadMemory at 0x43c765e240 of 60 bytes failed: Only part of a ReadProcessMemory or WriteProcessMemory request was completed. (0x12B)
[0720/011600.174:ERROR:process_memory_win.cc(73)] ReadMemory at 0x43c765e290 of 64 bytes failed: Only part of a ReadProcessMemory or WriteProcessMemory request was completed. (0x12B)
[0720/011600.175:ERROR:process_memory_win.cc(73)] ReadMemory at 0x43c765e2e0 of 62 bytes failed: Only part of a ReadProcessMemory or WriteProcessMemory request was completed. (0x12B)
[0720/011600.175:ERROR:process_memory_win.cc(73)] ReadMemory at 0x43c765e330 of 66 bytes failed: Only part of a ReadProcessMemory or WriteProcessMemory request was completed. (0x12B)
[0720/011600.175:ERROR:process_memory_win.cc(73)] ReadMemory at 0x43c765e420 of 66 bytes failed: Only part of a ReadProcessMemory or WriteProcessMemory request was completed. (0x12B)
[0720/011600.175:ERROR:process_memory_win.cc(73)] ReadMemory at 0x43c765e4b0 of 132 bytes failed: Only part of a ReadProcessMemory or WriteProcessMemory request was completed. (0x12B)
[0720/011600.175:ERROR:process_memory_win.cc(73)] ReadMemory at 0x43c765ede0 of 132 bytes failed: Only part of a ReadProcessMemory or WriteProcessMemory request was completed. (0x12B)
[0720/011600.175:ERROR:process_memory_win.cc(73)] ReadMemory at 0x43c765ef00 of 132 bytes failed: Only part of a ReadProcessMemory or WriteProcessMemory request was completed. (0x12B)
[0720/011600.175:ERROR:process_memory_win.cc(73)] ReadMemory at 0x43c765f020 of 132 bytes failed: Only part of a ReadProcessMemory or WriteProcessMemory request was completed. (0x12B)
[0720/011600.175:ERROR:process_memory_win.cc(73)] ReadMemory at 0x43c765f140 of 132 bytes failed: Only part of a ReadProcessMemory or WriteProcessMemory request was completed. (0x12B)
[0720/011600.176:ERROR:process_memory_win.cc(73)] ReadMemory at 0x43c765f260 of 132 bytes failed: Only part of a ReadProcessMemory or WriteProcessMemory request was completed. (0x12B)
[0720/011600.176:ERROR:process_memory_win.cc(73)] ReadMemory at 0x43c7662540 of 132 bytes failed: Only part of a ReadProcessMemory or WriteProcessMemory request was completed. (0x12B)
[0720/011600.176:ERROR:process_memory_win.cc(73)] ReadMemory at 0x43c7663100 of 132 bytes failed: Only part of a ReadProcessMemory or WriteProcessMemory request was completed. (0x12B)
[0720/011600.176:ERROR:process_memory_win.cc(73)] ReadMemory at 0x43c7663220 of 132 bytes failed: Only part of a ReadProcessMemory or WriteProcessMemory request was completed. (0x12B)
[0720/011600.176:ERROR:process_memory_win.cc(73)] ReadMemory at 0x43c7663450 of 132 bytes failed: Only part of a ReadProcessMemory or WriteProcessMemory request was completed. (0x12B)
[0720/011600.176:ERROR:process_memory_win.cc(73)] ReadMemory at 0x43c7663570 of 132 bytes failed: Only part of a ReadProcessMemory or WriteProcessMemory request was completed. (0x12B)
[0720/011600.176:ERROR:process_memory_win.cc(73)] ReadMemory at 0x43c7663690 of 132 bytes failed: Only part of a ReadProcessMemory or WriteProcessMemory request was completed. (0x12B)
[0720/011600.176:ERROR:process_memory_win.cc(73)] ReadMemory at 0x43c76637b0 of 132 bytes failed: Only part of a ReadProcessMemory or WriteProcessMemory request was completed. (0x12B)
[0720/011600.177:ERROR:process_memory_win.cc(73)] ReadMemory at 0x43c76638d0 of 132 bytes failed: Only part of a ReadProcessMemory or WriteProcessMemory request was completed. (0x12B)
[0720/011600.177:ERROR:process_memory_win.cc(73)] ReadMemory at 0x43c76639f0 of 132 bytes failed: Only part of a ReadProcessMemory or WriteProcessMemory request was completed. (0x12B)
[0720/011600.177:ERROR:process_memory_win.cc(73)] ReadMemory at 0x43c7663b10 of 132 bytes failed: Only part of a ReadProcessMemory or WriteProcessMemory request was completed. (0x12B)
[0720/011600.177:ERROR:process_memory_win.cc(73)] ReadMemory at 0x43c7663c30 of 132 bytes failed: Only part of a ReadProcessMemory or WriteProcessMemory request was completed. (0x12B)
[0720/011600.177:ERROR:process_memory_win.cc(73)] ReadMemory at 0x43c7663d50 of 132 bytes failed: Only part of a ReadProcessMemory or WriteProcessMemory request was completed. (0x12B)
[0720/011600.177:ERROR:process_memory_win.cc(73)] ReadMemory at 0x43c7663e70 of 132 bytes failed: Only part of a ReadProcessMemory or WriteProcessMemory request was completed. (0x12B)
[0720/011600.177:ERROR:process_memory_win.cc(73)] ReadMemory at 0x43c7663f90 of 132 bytes failed: Only part of a ReadProcessMemory or WriteProcessMemory request was completed. (0x12B)
[0720/011600.178:ERROR:process_memory_win.cc(73)] ReadMemory at 0x43c76640b0 of 132 bytes failed: Only part of a ReadProcessMemory or WriteProcessMemory request was completed. (0x12B)
[0720/011600.178:ERROR:process_memory_win.cc(73)] ReadMemory at 0x43c76641d0 of 132 bytes failed: Only part of a ReadProcessMemory or WriteProcessMemory request was completed. (0x12B)
[0720/011600.178:ERROR:process_memory_win.cc(73)] ReadMemory at 0x43c7664ca0 of 80 bytes failed: Only part of a ReadProcessMemory or WriteProcessMemory request was completed. (0x12B)
[0720/011600.178:ERROR:process_memory_win.cc(73)] ReadMemory at 0x43c7664f40 of 80 bytes failed: Only part of a ReadProcessMemory or WriteProcessMemory request was completed. (0x12B)
[0720/011600.178:ERROR:process_memory_win.cc(73)] ReadMemory at 0x43c7665b40 of 158 bytes failed: Only part of a ReadProcessMemory or WriteProcessMemory request was completed. (0x12B)
[0720/011600.178:ERROR:process_memory_win.cc(73)] ReadMemory at 0x43c76678d0 of 64 bytes failed: Only part of a ReadProcessMemory or WriteProcessMemory request was completed. (0x12B)
[0720/011600.178:ERROR:process_memory_win.cc(73)] ReadMemory at 0x43c7667920 of 56 bytes failed: Only part of a ReadProcessMemory or WriteProcessMemory request was completed. (0x12B)
[0720/011600.178:ERROR:process_memory_win.cc(73)] ReadMemory at 0x43c7667970 of 64 bytes failed: Only part of a ReadProcessMemory or WriteProcessMemory request was completed. (0x12B)
[0720/011600.179:ERROR:process_memory_win.cc(73)] ReadMemory at 0x43c76679c0 of 64 bytes failed: Only part of a ReadProcessMemory or WriteProcessMemory request was completed. (0x12B)
[0720/011600.179:ERROR:process_memory_win.cc(73)] ReadMemory at 0x43c7667ab0 of 58 bytes failed: Only part of a ReadProcessMemory or WriteProcessMemory request was completed. (0x12B)
[0720/011600.179:ERROR:process_memory_win.cc(73)] ReadMemory at 0x43c7667b00 of 60 bytes failed: Only part of a ReadProcessMemory or WriteProcessMemory request was completed. (0x12B)
[0720/011600.179:ERROR:process_memory_win.cc(73)] ReadMemory at 0x43c7667ba0 of 62 bytes failed: Only part of a ReadProcessMemory or WriteProcessMemory request was completed. (0x12B)
[0720/011600.179:ERROR:process_memory_win.cc(73)] ReadMemory at 0x43c7667c40 of 60 bytes failed: Only part of a ReadProcessMemory or WriteProcessMemory request was completed. (0x12B)
[0720/011600.179:ERROR:process_memory_win.cc(73)] ReadMemory at 0x43c7667c90 of 60 bytes failed: Only part of a ReadProcessMemory or WriteProcessMemory request was completed. (0x12B)
[0720/011600.179:ERROR:process_memory_win.cc(73)] ReadMemory at 0x43c7667d30 of 62 bytes failed: Only part of a ReadProcessMemory or WriteProcessMemory request was completed. (0x12B)
[0720/011600.179:ERROR:process_memory_win.cc(73)] ReadMemory at 0x43c7667d80 of 64 bytes failed: Only part of a ReadProcessMemory or WriteProcessMemory request was completed. (0x12B)
[0720/011600.179:ERROR:process_memory_win.cc(73)] ReadMemory at 0x43c7667e70 of 62 bytes failed: Only part of a ReadProcessMemory or WriteProcessMemory request was completed. (0x12B)
[0720/011600.180:ERROR:process_memory_win.cc(73)] ReadMemory at 0x43c7667ec0 of 62 bytes failed: Only part of a ReadProcessMemory or WriteProcessMemory request was completed. (0x12B)
[0720/011600.180:ERROR:process_memory_win.cc(73)] ReadMemory at 0x43c76680a0 of 58 bytes failed: Only part of a ReadProcessMemory or WriteProcessMemory request was completed. (0x12B)
[0720/011600.180:ERROR:process_memory_win.cc(73)] ReadMemory at 0x43c76681e0 of 64 bytes failed: Only part of a ReadProcessMemory or WriteProcessMemory request was completed. (0x12B)
[0720/011600.180:ERROR:process_memory_win.cc(73)] ReadMemory at 0x43c76682d0 of 62 bytes failed: Only part of a ReadProcessMemory or WriteProcessMemory request was completed. (0x12B)
[0720/011600.180:ERROR:process_memory_win.cc(73)] ReadMemory at 0x43c76683c0 of 64 bytes failed: Only part of a ReadProcessMemory or WriteProcessMemory request was completed. (0x12B)
[0720/011600.180:ERROR:process_memory_win.cc(73)] ReadMemory at 0x43c7668410 of 58 bytes failed: Only part of a ReadProcessMemory or WriteProcessMemory request was completed. (0x12B)
[0720/011600.180:ERROR:process_memory_win.cc(73)] ReadMemory at 0x43c7668460 of 64 bytes failed: Only part of a ReadProcessMemory or WriteProcessMemory request was completed. (0x12B)
[0720/011600.180:ERROR:process_memory_win.cc(73)] ReadMemory at 0x43c7668550 of 64 bytes failed: Only part of a ReadProcessMemory or WriteProcessMemory request was completed. (0x12B)
[0720/011600.180:ERROR:process_memory_win.cc(73)] ReadMemory at 0x43c76685a0 of 58 bytes failed: Only part of a ReadProcessMemory or WriteProcessMemory request was completed. (0x12B)
[0720/011600.181:ERROR:process_memory_win.cc(73)] ReadMemory at 0x43c76685f0 of 60 bytes failed: Only part of a ReadProcessMemory or WriteProcessMemory request was completed. (0x12B)
[0720/011600.181:ERROR:process_memory_win.cc(73)] ReadMemory at 0x43c7668640 of 60 bytes failed: Only part of a ReadProcessMemory or WriteProcessMemory request was completed. (0x12B)
[0720/011600.181:ERROR:process_memory_win.cc(73)] ReadMemory at 0x43c7668690 of 60 bytes failed: Only part of a ReadProcessMemory or WriteProcessMemory request was completed. (0x12B)
[0720/011600.181:ERROR:process_memory_win.cc(73)] ReadMemory at 0x43c7668730 of 60 bytes failed: Only part of a ReadProcessMemory or WriteProcessMemory request was completed. (0x12B)
[0720/011600.181:ERROR:process_memory_win.cc(73)] ReadMemory at 0x43c766bed0 of 248 bytes failed: Only part of a ReadProcessMemory or WriteProcessMemory request was completed. (0x12B)
[0720/011600.181:ERROR:process_memory_win.cc(73)] ReadMemory at 0x43c766d9f0 of 132 bytes failed: Only part of a ReadProcessMemory or WriteProcessMemory request was completed. (0x12B)
[0720/011600.181:ERROR:process_memory_win.cc(73)] ReadMemory at 0x43c766db10 of 132 bytes failed: Only part of a ReadProcessMemory or WriteProcessMemory request was completed. (0x12B)
[0720/011600.182:ERROR:process_memory_win.cc(73)] ReadMemory at 0x43c766dc30 of 132 bytes failed: Only part of a ReadProcessMemory or WriteProcessMemory request was completed. (0x12B)
[0720/011600.182:ERROR:process_memory_win.cc(73)] ReadMemory at 0x43c766df90 of 132 bytes failed: Only part of a ReadProcessMemory or WriteProcessMemory request was completed. (0x12B)
[0720/011600.182:ERROR:process_memory_win.cc(73)] ReadMemory at 0x43c766e0b0 of 132 bytes failed: Only part of a ReadProcessMemory or WriteProcessMemory request was completed. (0x12B)
[0720/011600.182:ERROR:process_memory_win.cc(73)] ReadMemory at 0x43c766e1d0 of 132 bytes failed: Only part of a ReadProcessMemory or WriteProcessMemory request was completed. (0x12B)
[0720/011600.182:ERROR:process_memory_win.cc(73)] ReadMemory at 0x43c766e2f0 of 132 bytes failed: Only part of a ReadProcessMemory or WriteProcessMemory request was completed. (0x12B)
[0720/011600.182:ERROR:process_memory_win.cc(73)] ReadMemory at 0x43c766e410 of 132 bytes failed: Only part of a ReadProcessMemory or WriteProcessMemory request was completed. (0x12B)
[0720/011600.182:ERROR:process_memory_win.cc(73)] ReadMemory at 0x43c766e530 of 132 bytes failed: Only part of a ReadProcessMemory or WriteProcessMemory request was completed. (0x12B)
[0720/011600.182:ERROR:process_memory_win.cc(73)] ReadMemory at 0x43c766e650 of 132 bytes failed: Only part of a ReadProcessMemory or WriteProcessMemory request was completed. (0x12B)
[0720/011600.183:ERROR:process_memory_win.cc(73)] ReadMemory at 0x43c766e770 of 132 bytes failed: Only part of a ReadProcessMemory or WriteProcessMemory request was completed. (0x12B)
[0720/011600.183:ERROR:process_memory_win.cc(73)] ReadMemory at 0x43c766e890 of 132 bytes failed: Only part of a ReadProcessMemory or WriteProcessMemory request was completed. (0x12B)
[0720/011600.183:ERROR:process_memory_win.cc(73)] ReadMemory at 0x43c766e9b0 of 132 bytes failed: Only part of a ReadProcessMemory or WriteProcessMemory request was completed. (0x12B)
[0720/011600.183:ERROR:process_memory_win.cc(73)] ReadMemory at 0x43c766ead0 of 132 bytes failed: Only part of a ReadProcessMemory or WriteProcessMemory request was completed. (0x12B)
[0720/011600.183:ERROR:process_memory_win.cc(73)] ReadMemory at 0x43c766ebf0 of 132 bytes failed: Only part of a ReadProcessMemory or WriteProcessMemory request was completed. (0x12B)
[0720/011600.183:ERROR:process_memory_win.cc(73)] ReadMemory at 0x43c766ed10 of 132 bytes failed: Only part of a ReadProcessMemory or WriteProcessMemory request was completed. (0x12B)
[0720/011600.183:ERROR:process_memory_win.cc(73)] ReadMemory at 0x43c766ee30 of 132 bytes failed: Only part of a ReadProcessMemory or WriteProcessMemory request was completed. (0x12B)
[0720/011600.183:ERROR:process_memory_win.cc(73)] ReadMemory at 0x43c766ef50 of 132 bytes failed: Only part of a ReadProcessMemory or WriteProcessMemory request was completed. (0x12B)
[0720/011600.184:ERROR:process_memory_win.cc(73)] ReadMemory at 0x43c766f070 of 132 bytes failed: Only part of a ReadProcessMemory or WriteProcessMemory request was completed. (0x12B)
[0720/011600.184:ERROR:process_memory_win.cc(73)] ReadMemory at 0x43c766f190 of 132 bytes failed: Only part of a ReadProcessMemory or WriteProcessMemory request was completed. (0x12B)
[0720/011600.184:ERROR:process_memory_win.cc(73)] ReadMemory at 0x43c766f2b0 of 132 bytes failed: Only part of a ReadProcessMemory or WriteProcessMemory request was completed. (0x12B)
[0720/011600.184:ERROR:process_memory_win.cc(73)] ReadMemory at 0x43c766f3d0 of 132 bytes failed: Only part of a ReadProcessMemory or WriteProcessMemory request was completed. (0x12B)
[0720/011600.184:ERROR:process_memory_win.cc(73)] ReadMemory at 0x43c766f610 of 132 bytes failed: Only part of a ReadProcessMemory or WriteProcessMemory request was completed. (0x12B)
[0720/011600.184:ERROR:process_memory_win.cc(73)] ReadMemory at 0x43c766f730 of 132 bytes failed: Only part of a ReadProcessMemory or WriteProcessMemory request was completed. (0x12B)
[0720/011600.184:ERROR:process_memory_win.cc(73)] ReadMemory at 0x43c766f850 of 132 bytes failed: Only part of a ReadProcessMemory or WriteProcessMemory request was completed. (0x12B)
[0720/011600.184:ERROR:process_memory_win.cc(73)] ReadMemory at 0x43c76711e0 of 54 bytes failed: Only part of a ReadProcessMemory or WriteProcessMemory request was completed. (0x12B)
[0720/011600.185:ERROR:process_memory_win.cc(73)] ReadMemory at 0x43c767e290 of 896 bytes failed: Only part of a ReadProcessMemory or WriteProcessMemory request was completed. (0x12B)
[0720/011600.185:ERROR:process_memory_win.cc(73)] ReadMemory at 0x43c76811c0 of 512 bytes failed: Only part of a ReadProcessMemory or WriteProcessMemory request was completed. (0x12B)
[0720/011600.185:ERROR:process_memory_win.cc(73)] ReadMemory at 0x43c7cd7de8 of 512 bytes failed: Only part of a ReadProcessMemory or WriteProcessMemory request was completed. (0x12B)
[0720/011600.185:ERROR:process_memory_win.cc(73)] ReadMemory at 0x43c7cfc610 of 512 bytes failed: Only part of a ReadProcessMemory or WriteProcessMemory request was completed. (0x12B)
[0720/011600.185:ERROR:process_memory_win.cc(73)] ReadMemory at 0x43c7d131d8 of 512 bytes failed: Only part of a ReadProcessMemory or WriteProcessMemory request was completed. (0x12B)
[0720/011600.185:ERROR:process_memory_win.cc(73)] ReadMemory at 0x43c7d14ae0 of 712 bytes failed: Only part of a ReadProcessMemory or WriteProcessMemory request was completed. (0x12B)
[0720/011600.185:ERROR:process_memory_win.cc(73)] ReadMemory at 0x43c7d3f3d8 of 512 bytes failed: Only part of a ReadProcessMemory or WriteProcessMemory request was completed. (0x12B)
[0720/011600.185:ERROR:process_memory_win.cc(73)] ReadMemory at 0x43c7d5df98 of 512 bytes failed: Only part of a ReadProcessMemory or WriteProcessMemory request was completed. (0x12B)
[0720/011600.186:ERROR:process_memory_win.cc(73)] ReadMemory at 0x43c7d97020 of 512 bytes failed: Only part of a ReadProcessMemory or WriteProcessMemory request was completed. (0x12B)
[0720/011600.186:ERROR:process_memory_win.cc(73)] ReadMemory at 0x43ca6ca730 of 512 bytes failed: Only part of a ReadProcessMemory or WriteProcessMemory request was completed. (0x12B)
[0720/011600.186:ERROR:process_memory_win.cc(73)] ReadMemory at 0x43ca7297c0 of 512 bytes failed: Only part of a ReadProcessMemory or WriteProcessMemory request was completed. (0x12B)
[0720/011600.186:ERROR:process_memory_win.cc(73)] ReadMemory at 0x43cb92bf60 of 528 bytes failed: Only part of a ReadProcessMemory or WriteProcessMemory request was completed. (0x12B)
[0720/011600.186:ERROR:process_memory_win.cc(73)] ReadMemory at 0x43cba491b0 of 512 bytes failed: Only part of a ReadProcessMemory or WriteProcessMemory request was completed. (0x12B)
[0720/011600.186:ERROR:process_memory_win.cc(73)] ReadMemory at 0x43cc86d1f0 of 512 bytes failed: Only part of a ReadProcessMemory or WriteProcessMemory request was completed. (0x12B)
[0720/011600.186:ERROR:process_memory_win.cc(73)] ReadMemory at 0x31fe8b980000 of 384 bytes failed: Only part of a ReadProcessMemory or WriteProcessMemory request was completed. (0x12B)
[0720/011600.186:ERROR:process_memory_win.cc(73)] ReadMemory at 0x5093b3f66a21 of 512 bytes failed: Only part of a ReadProcessMemory or WriteProcessMemory request was completed. (0x12B)
[0720/011600.186:ERROR:process_memory_win.cc(73)] ReadMemory at 0x704481161f71 of 512 bytes failed: Only part of a ReadProcessMemory or WriteProcessMemory request was completed. (0x12B)
[0720/011600.187:ERROR:process_memory_win.cc(73)] ReadMemory at 0x7a03d167f149 of 512 bytes failed: Only part of a ReadProcessMemory or WriteProcessMemory request was completed. (0x12B)
[0720/011600.187:ERROR:process_memory_win.cc(73)] ReadMemory at 0x7ff6e93b0000 of 6024 bytes failed: Only part of a ReadProcessMemory or WriteProcessMemory request was completed. (0x12B)
[0720/011600.305:ERROR:process_memory_win.cc(73)] ReadMemory at 0x7ff6e93b2000 of 6024 bytes failed: Only part of a ReadProcessMemory or WriteProcessMemory request was completed. (0x12B)
[0720/011600.305:ERROR:process_memory_win.cc(73)] ReadMemory at 0x7ff6e93b4000 of 6024 bytes failed: Only part of a ReadProcessMemory or WriteProcessMemory request was completed. (0x12B)
[0720/011600.392:ERROR:process_memory_win.cc(73)] ReadMemory at 0x7ff6e93b6000 of 6024 bytes failed: Only part of a ReadProcessMemory or WriteProcessMemory request was completed. (0x12B)
[0720/011600.392:ERROR:process_memory_win.cc(73)] ReadMemory at 0x7ff6e93b8000 of 6024 bytes failed: Only part of a ReadProcessMemory or WriteProcessMemory request was completed. (0x12B)
[0720/011600.393:ERROR:process_memory_win.cc(73)] ReadMemory at 0x7ff6e93ba000 of 6024 bytes failed: Only part of a ReadProcessMemory or WriteProcessMemory request was completed. (0x12B)
[0720/011600.393:ERROR:process_memory_win.cc(73)] ReadMemory at 0x7ff6e93bc000 of 6024 bytes failed: Only part of a ReadProcessMemory or WriteProcessMemory request was completed. (0x12B)
[0720/011600.393:ERROR:process_memory_win.cc(73)] ReadMemory at 0x7ff6e93be000 of 6024 bytes failed: Only part of a ReadProcessMemory or WriteProcessMemory request was completed. (0x12B)
[0720/011600.393:ERROR:process_memory_win.cc(73)] ReadMemory at 0x7ff6e94e4000 of 6024 bytes failed: Only part of a ReadProcessMemory or WriteProcessMemory request was completed. (0x12B)
[0720/011600.393:ERROR:process_memory_win.cc(73)] ReadMemory at 0x7ff6e94e6000 of 6024 bytes failed: Only part of a ReadProcessMemory or WriteProcessMemory request was completed. (0x12B)
[0720/011600.394:ERROR:process_memory_win.cc(73)] ReadMemory at 0x7ff6e94e8000 of 6024 bytes failed: Only part of a ReadProcessMemory or WriteProcessMemory request was completed. (0x12B)
[0720/011600.394:ERROR:process_memory_win.cc(73)] ReadMemory at 0x7ff6e94ea000 of 852 bytes failed: Only part of a ReadProcessMemory or WriteProcessMemory request was completed. (0x12B)
[0720/011600.394:ERROR:process_memory_win.cc(73)] ReadMemory at 0x7ff6e94ec000 of 6024 bytes failed: Only part of a ReadProcessMemory or WriteProcessMemory request was completed. (0x12B)
[0720/011600.394:ERROR:process_memory_win.cc(73)] ReadMemory at 0x7ff6e94ee000 of 6024 bytes failed: Only part of a ReadProcessMemory or WriteProcessMemory request was completed. (0x12B)
[0720/011600.395:ERROR:process_memory_win.cc(73)] ReadMemory at 0x7ffeddb9bd20 of 512 bytes failed: Only part of a ReadProcessMemory or WriteProcessMemory request was completed. (0x12B)
[0720/011600.395:ERROR:process_memory_win.cc(73)] ReadMemory at 0x7fff15ca583a of 512 bytes failed: Only part of a ReadProcessMemory or WriteProcessMemory request was completed. (0x12B)
[0720/011600.395:ERROR:process_memory_win.cc(73)] ReadMemory at 0x7fff15ca6091 of 512 bytes failed: Only part of a ReadProcessMemory or WriteProcessMemory request was completed. (0x12B)
[0720/011600.395:ERROR:process_memory_win.cc(73)] ReadMemory at 0x7fff1fb90fb0 of 512 bytes failed: Only part of a ReadProcessMemory or WriteProcessMemory request was completed. (0x12B)
[0720/011600.395:ERROR:process_memory_win.cc(73)] ReadMemory at 0x7fff224d95e0 of 18 bytes failed: Only part of a ReadProcessMemory or WriteProcessMemory request was completed. (0x12B)
[0720/011600.395:ERROR:process_memory_win.cc(73)] ReadMemory at 0x7fff224ec4f0 of 512 bytes failed: Only part of a ReadProcessMemory or WriteProcessMemory request was completed. (0x12B)
[0720/011600.395:ERROR:process_memory_win.cc(73)] ReadMemory at 0x7fff2250acd0 of 512 bytes failed: Only part of a ReadProcessMemory or WriteProcessMemory request was completed. (0x12B)
[0720/011600.395:ERROR:process_memory_win.cc(73)] ReadMemory at 0x7fff2256071a of 832 bytes failed: Only part of a ReadProcessMemory or WriteProcessMemory request was completed. (0x12B)
[0720/011600.396:ERROR:process_memory_win.cc(73)] ReadMemory at 0x7fff2256219a of 560 bytes failed: Only part of a ReadProcessMemory or WriteProcessMemory request was completed. (0x12B)
[0720/011600.396:ERROR:process_memory_win.cc(73)] ReadMemory at 0x7fff225fe8a8 of 40 bytes failed: Only part of a ReadProcessMemory or WriteProcessMemory request was completed. (0x12B)
[0720/011600.396:ERROR:process_memory_win.cc(73)] ReadMemory at 0x7fff225febe0 of 48 bytes failed: Only part of a ReadProcessMemory or WriteProcessMemory request was completed. (0x12B)
[0720/011600.396:ERROR:process_memory_win.cc(73)] ReadMemory at 0x7fff22601320 of 64 bytes failed: Only part of a ReadProcessMemory or WriteProcessMemory request was completed. (0x12B)
[0720/011601.314:ERROR:scoped_process_suspend.cc(40)] NtResumeProcess: An attempt was made to access an exiting process. (0xc000010a)
[0721/161844.447:ERROR:http_transport_win.cc(276)] WinHttpSendRequest: The operation completed successfully. (0x0)
